Build started 7/30/2013 2:03:36 PM.
     1>Project "C:\Users\Ben\Documents\GitHub\GameBox\GameBox\proj.win32\GameBox.vcxproj" on node 2 (Build target(s)).
     1>PreLinkEvent:
         if not exist "C:\Users\Ben\Documents\GitHub\GameBox\GameBox\proj.win32\Debug.win32\" mkdir "C:\Users\Ben\Documents\GitHub\GameBox\GameBox\proj.win32\Debug.win32\"
         xcopy /Y /Q "C:\Users\Ben\Documents\GitHub\GameBox\GameBox\proj.win32\..\..\external\libwebsockets\win32\lib\*.*" "C:\Users\Ben\Documents\GitHub\GameBox\GameBox\proj.win32\Debug.win32\"
         :VCEnd
         2 File(s) copied
       Link:
         C:\Program Files (x86)\Microsoft Visual Studio 11.0\VC\bin\link.exe /ERRORREPORT:PROMPT /OUT:"C:\Users\Ben\Documents\GitHub\GameBox\GameBox\proj.win32\Debug.win32\GameBox.exe" /INCREMENTAL /NOLOGO /LIBPATH:C:\Users\Ben\Documents\GitHub\GameBox\GameBox\proj.win32\Debug.win32\ /LIBPATH:C:\Users\Ben\Documents\GitHub\GameBox\GameBox\proj.win32\Debug.win32\ /LIBPATH:C:\Users\Ben\Documents\GitHub\GameBox\GameBox\proj.win32\\..\..\Debug.win32 libExtensions.lib libcocos2d.lib libCocosDenshion.lib libBox2d.lib libchipmunk.lib libcurl_imp.lib websockets.lib opengl32.lib glew32.lib libzlib.lib libpng.lib libjpeg.lib libtiff.lib libwebp.lib libiconv.lib winmm.lib kernel32.lib user32.lib gdi32.lib winspool.lib comdlg32.lib advapi32.lib shell32.lib ole32.lib oleaut32.lib uuid.lib odbc32.lib odbccp32.lib /MANIFEST /MANIFESTUAC:"level='asInvoker' uiAccess='false'" /manifest:embed /DEBUG /PDB:"C:\Users\Ben\Documents\GitHub\GameBox\GameBox\proj.win32\Debug.win32\GameBox.pdb" /SUBSYSTEM:WINDOWS,"5.01" /TLBID:1 /DYNAMICBASE /NXCOMPAT /IMPLIB:"C:\Users\Ben\Documents\GitHub\GameBox\GameBox\proj.win32\Debug.win32\GameBox.lib" /MACHINE:X86 /SAFESEH Debug.win32\AppDelegate.obj
         Debug.win32\CustomCC.obj
         Debug.win32\HomeScene.obj
         Debug.win32\TheBox.obj
         Debug.win32\main.obj
         C:\Users\Ben\Documents\GitHub\GameBox\GameBox\proj.win32\Debug.win32\libcocos2d.lib
         C:\Users\Ben\Documents\GitHub\GameBox\GameBox\proj.win32\Debug.win32\libCocosDenshion.lib
         C:\Users\Ben\Documents\GitHub\GameBox\GameBox\proj.win32\Debug.win32\libExtensions.lib
         C:\Users\Ben\Documents\GitHub\GameBox\GameBox\proj.win32\Debug.win32\libBox2D.lib
         C:\Users\Ben\Documents\GitHub\GameBox\GameBox\proj.win32\Debug.win32\libchipmunk.lib
         GameBox.vcxproj -> C:\Users\Ben\Documents\GitHub\GameBox\GameBox\proj.win32\Debug.win32\GameBox.exe
     1>Done Building Project "C:\Users\Ben\Documents\GitHub\GameBox\GameBox\proj.win32\GameBox.vcxproj" (Build target(s)).

Build succeeded.

Time Elapsed 00:00:00.22
