C:\USERS\BEN\DOCUMENTS\GITHUB\GAMEBOX\COCOSDENSHION\PROJ.WIN32\DEBUG.WIN32\MCIPLAYER.OBJ
C:\USERS\BEN\DOCUMENTS\GITHUB\GAMEBOX\COCOSDENSHION\PROJ.WIN32\DEBUG.WIN32\VC110.PDB
C:\USERS\BEN\DOCUMENTS\GITHUB\GAMEBOX\COCOSDENSHION\PROJ.WIN32\DEBUG.WIN32\SIMPLEAUDIOENGINE.OBJ
C:\Users\Ben\Documents\GitHub\GameBox\CocosDenshion\proj.win32\Debug.win32\MciPlayer.obj
C:\Users\Ben\Documents\GitHub\GameBox\CocosDenshion\proj.win32\Debug.win32\SimpleAudioEngine.obj
C:\Users\Ben\Documents\GitHub\GameBox\CocosDenshion\proj.win32\Debug.win32\CL.1216.read.1.tlog
C:\Users\Ben\Documents\GitHub\GameBox\CocosDenshion\proj.win32\Debug.win32\CL.1216.write.1.tlog
C:\Users\Ben\Documents\GitHub\GameBox\CocosDenshion\proj.win32\Debug.win32\CL.5876.read.1.tlog
C:\Users\Ben\Documents\GitHub\GameBox\CocosDenshion\proj.win32\Debug.win32\CL.5876.write.1.tlog
C:\Users\Ben\Documents\GitHub\GameBox\CocosDenshion\proj.win32\Debug.win32\CL.9476.read.1.tlog
C:\Users\Ben\Documents\GitHub\GameBox\CocosDenshion\proj.win32\Debug.win32\CL.9476.write.1.tlog
C:\Users\Ben\Documents\GitHub\GameBox\CocosDenshion\proj.win32\Debug.win32\CL.9572.read.1.tlog
C:\Users\Ben\Documents\GitHub\GameBox\CocosDenshion\proj.win32\Debug.win32\CL.9572.write.1.tlog
C:\Users\Ben\Documents\GitHub\GameBox\CocosDenshion\proj.win32\Debug.win32\cl.command.1.tlog
C:\Users\Ben\Documents\GitHub\GameBox\CocosDenshion\proj.win32\Debug.win32\CL.read.1.tlog
C:\Users\Ben\Documents\GitHub\GameBox\CocosDenshion\proj.win32\Debug.win32\cl.write.1.tlog
C:\Users\Ben\Documents\GitHub\GameBox\CocosDenshion\proj.win32\Debug.win32\Lib-link.read.1.tlog
C:\Users\Ben\Documents\GitHub\GameBox\CocosDenshion\proj.win32\Debug.win32\Lib-link.write.1.tlog
C:\Users\Ben\Documents\GitHub\GameBox\CocosDenshion\proj.win32\Debug.win32\lib.command.1.tlog
C:\Users\Ben\Documents\GitHub\GameBox\CocosDenshion\proj.win32\Debug.win32\vc100.idb
C:\Users\Ben\Documents\GitHub\GameBox\CocosDenshion\proj.win32\Debug.win32\vc110.idb
C:\Users\Ben\Documents\GitHub\GameBox\CocosDenshion\proj.win32\Debug.win32\vc100.pdb
C:\Users\Ben\Documents\GitHub\GameBox\CocosDenshion\proj.win32\Debug.win32\vc110.pdb
