Build started 7/30/2013 1:57:25 PM.
     1>Project "C:\Users\Ben\Documents\GitHub\GameBox\extensions\proj.win32\libExtensions.vcxproj" on node 3 (Build target(s)).
     1>ClCompile:
         C:\Program Files (x86)\Microsoft Visual Studio 11.0\VC\bin\CL.exe /c /I"C:\Program Files (x86)\Microsoft SDKs\Windows\v7.1A\include" /IC:\Users\Ben\Documents\GitHub\GameBox\extensions\proj.win32\..\..\external\chipmunk\include\chipmunk /IC:\Users\Ben\Documents\GitHub\GameBox\extensions\proj.win32\..\..\external\sqlite3\include /IC:\Users\Ben\Documents\GitHub\GameBox\extensions\proj.win32\..\..\external /IC:\Users\Ben\Documents\GitHub\GameBox\extensions\proj.win32\..\..\external\libwebsockets\win32\include /IC:\Users\Ben\Documents\GitHub\GameBox\extensions\proj.win32\..\..\cocos2dx /IC:\Users\Ben\Documents\GitHub\GameBox\extensions\proj.win32\..\..\cocos2dx\include /IC:\Users\Ben\Documents\GitHub\GameBox\extensions\proj.win32\..\..\cocos2dx\kazmath\include /IC:\Users\Ben\Documents\GitHub\GameBox\extensions\proj.win32\..\..\cocos2dx\platform\win32 /IC:\Users\Ben\Documents\GitHub\GameBox\extensions\proj.win32\..\..\cocos2dx\platform\third_party\win32 /IC:\Users\Ben\Documents\GitHub\GameBox\extensions\proj.win32\..\..\cocos2dx\platform\third_party\win32\pthread /IC:\Users\Ben\Documents\GitHub\GameBox\extensions\proj.win32\..\..\cocos2dx\platform\third_party\win32\OGLES /IC:\Users\Ben\Documents\GitHub\GameBox\extensions\proj.win32\..\..\cocos2dx\platform\third_party\win32\zlib /IC:\Users\Ben\Documents\GitHub\GameBox\extensions\proj.win32\..\..\CocosDenshion\include /I..\ /ZI /nologo /W3 /WX- /MP /Od /Oy- /D WIN32 /D _WINDOWS /D _DEBUG /D _LIB /D COCOS2D_DEBUG=1 /D CC_ENABLE_CHIPMUNK_INTEGRATION=1 /D _CRT_SECURE_NO_WARNINGS /D _SCL_SECURE_NO_WARNINGS /D _USING_V110_SDK71_ /D _UNICODE /D UNICODE /Gm- /EHsc /RTC1 /MDd /GS /fp:precise /Zc:wchar_t /Zc:forScope /Fo"Debug.win32\\" /Fd"Debug.win32\vc110.pdb" /Gd /TP /wd4267 /wd4251 /wd4244 /analyze- /errorReport:prompt ..\AssetsManager\AssetsManager.cpp ..\CCArmature\animation\CCArmatureAnimation.cpp ..\CCArmature\animation\CCProcessBase.cpp ..\CCArmature\animation\CCTween.cpp ..\CCArmature\CCArmature.cpp ..\CCArmature\CCBone.cpp ..\CCArmature\datas\CCDatas.cpp ..\CCArmature\display\CCBatchNode.cpp ..\CCArmature\display\CCDecorativeDisplay.cpp ..\CCArmature\display\CCDisplayFactory.cpp ..\CCArmature\display\CCDisplayManager.cpp ..\CCArmature\display\CCShaderNode.cpp ..\CCArmature\display\CCSkin.cpp ..\CCArmature\external_tool\CCTexture2DMutable.cpp "..\CCArmature\external_tool\GLES-Render.cpp" ..\CCArmature\external_tool\Json\CSContentJsonDictionary.cpp ..\CCArmature\external_tool\Json\lib_json\json_reader.cpp ..\CCArmature\external_tool\Json\lib_json\json_value.cpp ..\CCArmature\external_tool\Json\lib_json\json_writer.cpp ..\CCArmature\physics\CCColliderDetector.cpp ..\CCArmature\physics\CCPhysicsWorld.cpp ..\CCArmature\utils\CCArmatureDataManager.cpp ..\CCArmature\utils\CCDataReaderHelper.cpp ..\CCArmature\utils\CCSpriteFrameCacheHelper.cpp ..\CCArmature\utils\CCTransformHelp.cpp ..\CCArmature\utils\CCTweenFunction.cpp ..\CCArmature\utils\CCUtilMath.cpp ..\CCBReader\CCBAnimationManager.cpp ..\CCBReader\CCBFileLoader.cpp ..\CCBReader\CCBKeyframe.cpp ..\CCBReader\CCBReader.cpp ..\CCBReader\CCBSequence.cpp ..\CCBReader\CCBSequenceProperty.cpp ..\CCBReader\CCBValue.cpp ..\CCBReader\CCControlButtonLoader.cpp ..\CCBReader\CCControlLoader.cpp ..\CCBReader\CCLabelBMFontLoader.cpp ..\CCBReader\CCLabelTTFLoader.cpp ..\CCBReader\CCLayerColorLoader.cpp ..\CCBReader\CCLayerGradientLoader.cpp ..\CCBReader\CCLayerLoader.cpp ..\CCBReader\CCMenuItemImageLoader.cpp ..\CCBReader\CCMenuItemLoader.cpp ..\CCBReader\CCNode+CCBRelativePositioning.cpp ..\CCBReader\CCNodeLoader.cpp ..\CCBReader\CCNodeLoaderLibrary.cpp ..\CCBReader\CCParticleSystemQuadLoader.cpp ..\CCBReader\CCScale9SpriteLoader.cpp ..\CCBReader\CCScrollViewLoader.cpp ..\CCBReader\CCSpriteLoader.cpp ..\Components\CCComAttribute.cpp ..\Components\CCComAudio.cpp ..\Components\CCComController.cpp ..\Components\CCInputDelegate.cpp ..\GUI\CCControlExtension\CCControl.cpp ..\GUI\CCControlExtension\CCControlButton.cpp ..\GUI\CCControlExtension\CCControlColourPicker.cpp ..\GUI\CCControlExtension\CCControlHuePicker.cpp ..\GUI\CCControlExtension\CCControlPotentiometer.cpp ..\GUI\CCControlExtension\CCControlSaturationBrightnessPicker.cpp ..\GUI\CCControlExtension\CCControlSlider.cpp ..\GUI\CCControlExtension\CCControlStepper.cpp ..\GUI\CCControlExtension\CCControlSwitch.cpp ..\GUI\CCControlExtension\CCControlUtils.cpp ..\GUI\CCControlExtension\CCInvocation.cpp ..\GUI\CCControlExtension\CCScale9Sprite.cpp ..\GUI\CCEditBox\CCEditBox.cpp ..\GUI\CCEditBox\CCEditBoxImplWin.cpp ..\GUI\CCScrollView\CCScrollView.cpp ..\GUI\CCScrollView\CCSorting.cpp ..\GUI\CCScrollView\CCTableView.cpp ..\GUI\CCScrollView\CCTableViewCell.cpp ..\LocalStorage\LocalStorage.cpp ..\network\HttpClient.cpp ..\network\SocketIO.cpp ..\network\Websocket.cpp ..\physics_nodes\CCPhysicsDebugNode.cpp ..\physics_nodes\CCPhysicsSprite.cpp ..\spine\Animation.cpp ..\spine\AnimationState.cpp ..\spine\AnimationStateData.cpp ..\spine\Atlas.cpp ..\spine\AtlasAttachmentLoader.cpp ..\spine\Attachment.cpp ..\spine\AttachmentLoader.cpp ..\spine\Bone.cpp ..\spine\BoneData.cpp ..\spine\CCSkeleton.cpp ..\spine\CCSkeletonAnimation.cpp ..\spine\extension.cpp ..\spine\Json.cpp ..\spine\RegionAttachment.cpp ..\spine\Skeleton.cpp ..\spine\SkeletonData.cpp ..\spine\SkeletonJson.cpp ..\spine\Skin.cpp ..\spine\Slot.cpp ..\spine\SlotData.cpp "..\spine\spine-cocos2dx.cpp" Win32InputBox.cpp
         AssetsManager.cpp
         CCArmatureAnimation.cpp
         CCProcessBase.cpp
         CCTween.cpp
         CCArmature.cpp
         CCBone.cpp
         CCDatas.cpp
         CCBatchNode.cpp
         CCDecorativeDisplay.cpp
         CCDisplayFactory.cpp
         CCDisplayManager.cpp
         CCShaderNode.cpp
         CCSkin.cpp
         CCTexture2DMutable.cpp
         GLES-Render.cpp
         CSContentJsonDictionary.cpp
         json_reader.cpp
         json_value.cpp
         json_writer.cpp
         CCColliderDetector.cpp
         CCPhysicsWorld.cpp
         CCArmatureDataManager.cpp
         CCDataReaderHelper.cpp
         CCSpriteFrameCacheHelper.cpp
         CCTransformHelp.cpp
         CCTweenFunction.cpp
         CCUtilMath.cpp
         CCBAnimationManager.cpp
         CCBFileLoader.cpp
         CCBKeyframe.cpp
         CCBReader.cpp
     1>c:\users\ben\documents\github\gamebox\extensions\ccbreader\ccbanimationmanager.cpp(625): warning C4996: 'cocos2d::CallFuncN::create': was declared deprecated
                 c:\users\ben\documents\github\gamebox\cocos2dx\actions\ccactioninstant.h(313) : see declaration of 'cocos2d::CallFuncN::create'
         CCBSequence.cpp
         CCBSequenceProperty.cpp
         CCBValue.cpp
         CCControlButtonLoader.cpp
         CCControlLoader.cpp
         CCLabelBMFontLoader.cpp
         CCLabelTTFLoader.cpp
         CCLayerColorLoader.cpp
         CCLayerGradientLoader.cpp
         CCLayerLoader.cpp
         CCMenuItemImageLoader.cpp
         CCMenuItemLoader.cpp
         CCNode+CCBRelativePositioning.cpp
         CCNodeLoader.cpp
         CCNodeLoaderLibrary.cpp
         CCParticleSystemQuadLoader.cpp
         CCScale9SpriteLoader.cpp
         CCScrollViewLoader.cpp
         CCSpriteLoader.cpp
         CCComAttribute.cpp
         CCComAudio.cpp
         CCComController.cpp
         CCInputDelegate.cpp
         CCControl.cpp
         CCControlButton.cpp
         CCControlColourPicker.cpp
         CCControlHuePicker.cpp
         CCControlPotentiometer.cpp
         CCControlSaturationBrightnessPicker.cpp
         CCControlSlider.cpp
         CCControlStepper.cpp
         CCControlSwitch.cpp
         CCControlUtils.cpp
         CCInvocation.cpp
         CCScale9Sprite.cpp
         CCEditBox.cpp
         CCEditBoxImplWin.cpp
         CCScrollView.cpp
         CCSorting.cpp
         CCTableView.cpp
         CCTableViewCell.cpp
         LocalStorage.cpp
         HttpClient.cpp
         SocketIO.cpp
         Websocket.cpp
         CCPhysicsDebugNode.cpp
         CCPhysicsSprite.cpp
         Animation.cpp
         AnimationState.cpp
         AnimationStateData.cpp
         Atlas.cpp
         AtlasAttachmentLoader.cpp
         Attachment.cpp
         AttachmentLoader.cpp
         Bone.cpp
         BoneData.cpp
         CCSkeleton.cpp
         CCSkeletonAnimation.cpp
         extension.cpp
         Json.cpp
         RegionAttachment.cpp
         Skeleton.cpp
         SkeletonData.cpp
         SkeletonJson.cpp
         Skin.cpp
         Slot.cpp
         SlotData.cpp
         spine-cocos2dx.cpp
         Win32InputBox.cpp
       Lib:
         C:\Program Files (x86)\Microsoft Visual Studio 11.0\VC\bin\Lib.exe /OUT:"C:\Users\Ben\Documents\GitHub\GameBox\GameBox\proj.win32\Debug.win32\libExtensions.lib" /NOLOGO Debug.win32\AssetsManager.obj
         Debug.win32\CCArmatureAnimation.obj
         Debug.win32\CCProcessBase.obj
         Debug.win32\CCTween.obj
         Debug.win32\CCArmature.obj
         Debug.win32\CCBone.obj
         Debug.win32\CCDatas.obj
         Debug.win32\CCBatchNode.obj
         Debug.win32\CCDecorativeDisplay.obj
         Debug.win32\CCDisplayFactory.obj
         Debug.win32\CCDisplayManager.obj
         Debug.win32\CCShaderNode.obj
         Debug.win32\CCSkin.obj
         Debug.win32\CCTexture2DMutable.obj
         "Debug.win32\GLES-Render.obj"
         Debug.win32\CSContentJsonDictionary.obj
         Debug.win32\json_reader.obj
         Debug.win32\json_value.obj
         Debug.win32\json_writer.obj
         Debug.win32\CCColliderDetector.obj
         Debug.win32\CCPhysicsWorld.obj
         Debug.win32\CCArmatureDataManager.obj
         Debug.win32\CCDataReaderHelper.obj
         Debug.win32\CCSpriteFrameCacheHelper.obj
         Debug.win32\CCTransformHelp.obj
         Debug.win32\CCTweenFunction.obj
         Debug.win32\CCUtilMath.obj
         Debug.win32\CCBAnimationManager.obj
         Debug.win32\CCBFileLoader.obj
         Debug.win32\CCBKeyframe.obj
         Debug.win32\CCBReader.obj
         Debug.win32\CCBSequence.obj
         Debug.win32\CCBSequenceProperty.obj
         Debug.win32\CCBValue.obj
         Debug.win32\CCControlButtonLoader.obj
         Debug.win32\CCControlLoader.obj
         Debug.win32\CCLabelBMFontLoader.obj
         Debug.win32\CCLabelTTFLoader.obj
         Debug.win32\CCLayerColorLoader.obj
         Debug.win32\CCLayerGradientLoader.obj
         Debug.win32\CCLayerLoader.obj
         Debug.win32\CCMenuItemImageLoader.obj
         Debug.win32\CCMenuItemLoader.obj
         Debug.win32\CCNode+CCBRelativePositioning.obj
         Debug.win32\CCNodeLoader.obj
         Debug.win32\CCNodeLoaderLibrary.obj
         Debug.win32\CCParticleSystemQuadLoader.obj
         Debug.win32\CCScale9SpriteLoader.obj
         Debug.win32\CCScrollViewLoader.obj
         Debug.win32\CCSpriteLoader.obj
         Debug.win32\CCComAttribute.obj
         Debug.win32\CCComAudio.obj
         Debug.win32\CCComController.obj
         Debug.win32\CCInputDelegate.obj
         Debug.win32\CCControl.obj
         Debug.win32\CCControlButton.obj
         Debug.win32\CCControlColourPicker.obj
         Debug.win32\CCControlHuePicker.obj
         Debug.win32\CCControlPotentiometer.obj
         Debug.win32\CCControlSaturationBrightnessPicker.obj
         Debug.win32\CCControlSlider.obj
         Debug.win32\CCControlStepper.obj
         Debug.win32\CCControlSwitch.obj
         Debug.win32\CCControlUtils.obj
         Debug.win32\CCInvocation.obj
         Debug.win32\CCScale9Sprite.obj
         Debug.win32\CCEditBox.obj
         Debug.win32\CCEditBoxImplWin.obj
         Debug.win32\CCScrollView.obj
         Debug.win32\CCSorting.obj
         Debug.win32\CCTableView.obj
         Debug.win32\CCTableViewCell.obj
         Debug.win32\LocalStorage.obj
         Debug.win32\HttpClient.obj
         Debug.win32\SocketIO.obj
         Debug.win32\Websocket.obj
         Debug.win32\CCPhysicsDebugNode.obj
         Debug.win32\CCPhysicsSprite.obj
         Debug.win32\Animation.obj
         Debug.win32\AnimationState.obj
         Debug.win32\AnimationStateData.obj
         Debug.win32\Atlas.obj
         Debug.win32\AtlasAttachmentLoader.obj
         Debug.win32\Attachment.obj
         Debug.win32\AttachmentLoader.obj
         Debug.win32\Bone.obj
         Debug.win32\BoneData.obj
         Debug.win32\CCSkeleton.obj
         Debug.win32\CCSkeletonAnimation.obj
         Debug.win32\extension.obj
         Debug.win32\Json.obj
         Debug.win32\RegionAttachment.obj
         Debug.win32\Skeleton.obj
         Debug.win32\SkeletonData.obj
         Debug.win32\SkeletonJson.obj
         Debug.win32\Skin.obj
         Debug.win32\Slot.obj
         Debug.win32\SlotData.obj
         "Debug.win32\spine-cocos2dx.obj"
         Debug.win32\Win32InputBox.obj
         libExtensions.vcxproj -> C:\Users\Ben\Documents\GitHub\GameBox\GameBox\proj.win32\Debug.win32\libExtensions.lib
     1>Done Building Project "C:\Users\Ben\Documents\GitHub\GameBox\extensions\proj.win32\libExtensions.vcxproj" (Build target(s)).

Build succeeded.

Time Elapsed 00:00:39.40
