C:\USERS\BEN\DOCUMENTS\GITHUB\GAMEBOX\EXTENSIONS\PROJ.WIN32\DEBUG.WIN32\CSCONTENTJSONDICTIONARY.OBJ
C:\USERS\BEN\DOCUMENTS\GITHUB\GAMEBOX\EXTENSIONS\PROJ.WIN32\DEBUG.WIN32\VC110.PDB
C:\USERS\BEN\DOCUMENTS\GITHUB\GAMEBOX\EXTENSIONS\PROJ.WIN32\DEBUG.WIN32\JSON_READER.OBJ
C:\USERS\BEN\DOCUMENTS\GITHUB\GAMEBOX\EXTENSIONS\PROJ.WIN32\DEBUG.WIN32\JSON_VALUE.OBJ
C:\USERS\BEN\DOCUMENTS\GITHUB\GAMEBOX\EXTENSIONS\PROJ.WIN32\DEBUG.WIN32\JSON_WRITER.OBJ
C:\USERS\BEN\DOCUMENTS\GITHUB\GAMEBOX\EXTENSIONS\PROJ.WIN32\DEBUG.WIN32\CCINVOCATION.OBJ
C:\USERS\BEN\DOCUMENTS\GITHUB\GAMEBOX\EXTENSIONS\PROJ.WIN32\DEBUG.WIN32\CCSORTING.OBJ
C:\USERS\BEN\DOCUMENTS\GITHUB\GAMEBOX\EXTENSIONS\PROJ.WIN32\DEBUG.WIN32\CCTABLEVIEWCELL.OBJ
C:\USERS\BEN\DOCUMENTS\GITHUB\GAMEBOX\EXTENSIONS\PROJ.WIN32\DEBUG.WIN32\ANIMATION.OBJ
C:\USERS\BEN\DOCUMENTS\GITHUB\GAMEBOX\EXTENSIONS\PROJ.WIN32\DEBUG.WIN32\ANIMATIONSTATE.OBJ
C:\USERS\BEN\DOCUMENTS\GITHUB\GAMEBOX\EXTENSIONS\PROJ.WIN32\DEBUG.WIN32\ANIMATIONSTATEDATA.OBJ
C:\USERS\BEN\DOCUMENTS\GITHUB\GAMEBOX\EXTENSIONS\PROJ.WIN32\DEBUG.WIN32\ATLAS.OBJ
C:\USERS\BEN\DOCUMENTS\GITHUB\GAMEBOX\EXTENSIONS\PROJ.WIN32\DEBUG.WIN32\ATLASATTACHMENTLOADER.OBJ
C:\USERS\BEN\DOCUMENTS\GITHUB\GAMEBOX\EXTENSIONS\PROJ.WIN32\DEBUG.WIN32\ATTACHMENT.OBJ
C:\USERS\BEN\DOCUMENTS\GITHUB\GAMEBOX\EXTENSIONS\PROJ.WIN32\DEBUG.WIN32\ATTACHMENTLOADER.OBJ
C:\USERS\BEN\DOCUMENTS\GITHUB\GAMEBOX\EXTENSIONS\PROJ.WIN32\DEBUG.WIN32\BONE.OBJ
C:\USERS\BEN\DOCUMENTS\GITHUB\GAMEBOX\EXTENSIONS\PROJ.WIN32\DEBUG.WIN32\BONEDATA.OBJ
C:\USERS\BEN\DOCUMENTS\GITHUB\GAMEBOX\EXTENSIONS\PROJ.WIN32\DEBUG.WIN32\EXTENSION.OBJ
C:\USERS\BEN\DOCUMENTS\GITHUB\GAMEBOX\EXTENSIONS\PROJ.WIN32\DEBUG.WIN32\JSON.OBJ
C:\USERS\BEN\DOCUMENTS\GITHUB\GAMEBOX\EXTENSIONS\PROJ.WIN32\DEBUG.WIN32\REGIONATTACHMENT.OBJ
C:\USERS\BEN\DOCUMENTS\GITHUB\GAMEBOX\EXTENSIONS\PROJ.WIN32\DEBUG.WIN32\SKELETON.OBJ
C:\USERS\BEN\DOCUMENTS\GITHUB\GAMEBOX\EXTENSIONS\PROJ.WIN32\DEBUG.WIN32\SKELETONDATA.OBJ
C:\USERS\BEN\DOCUMENTS\GITHUB\GAMEBOX\EXTENSIONS\PROJ.WIN32\DEBUG.WIN32\SKELETONJSON.OBJ
C:\USERS\BEN\DOCUMENTS\GITHUB\GAMEBOX\EXTENSIONS\PROJ.WIN32\DEBUG.WIN32\SKIN.OBJ
C:\USERS\BEN\DOCUMENTS\GITHUB\GAMEBOX\EXTENSIONS\PROJ.WIN32\DEBUG.WIN32\SLOT.OBJ
C:\USERS\BEN\DOCUMENTS\GITHUB\GAMEBOX\EXTENSIONS\PROJ.WIN32\DEBUG.WIN32\SLOTDATA.OBJ
C:\USERS\BEN\DOCUMENTS\GITHUB\GAMEBOX\EXTENSIONS\PROJ.WIN32\DEBUG.WIN32\CCPROCESSBASE.OBJ
C:\USERS\BEN\DOCUMENTS\GITHUB\GAMEBOX\EXTENSIONS\PROJ.WIN32\DEBUG.WIN32\CCARMATURE.OBJ
C:\USERS\BEN\DOCUMENTS\GITHUB\GAMEBOX\EXTENSIONS\PROJ.WIN32\DEBUG.WIN32\CCSHADERNODE.OBJ
C:\USERS\BEN\DOCUMENTS\GITHUB\GAMEBOX\EXTENSIONS\PROJ.WIN32\DEBUG.WIN32\CCSKIN.OBJ
C:\USERS\BEN\DOCUMENTS\GITHUB\GAMEBOX\EXTENSIONS\PROJ.WIN32\DEBUG.WIN32\CCCOLLIDERDETECTOR.OBJ
C:\USERS\BEN\DOCUMENTS\GITHUB\GAMEBOX\EXTENSIONS\PROJ.WIN32\DEBUG.WIN32\CCSPRITEFRAMECACHEHELPER.OBJ
C:\USERS\BEN\DOCUMENTS\GITHUB\GAMEBOX\EXTENSIONS\PROJ.WIN32\DEBUG.WIN32\CCBREADER.OBJ
C:\USERS\BEN\DOCUMENTS\GITHUB\GAMEBOX\EXTENSIONS\PROJ.WIN32\DEBUG.WIN32\CCBVALUE.OBJ
C:\USERS\BEN\DOCUMENTS\GITHUB\GAMEBOX\EXTENSIONS\PROJ.WIN32\DEBUG.WIN32\CCLABELBMFONTLOADER.OBJ
C:\USERS\BEN\DOCUMENTS\GITHUB\GAMEBOX\EXTENSIONS\PROJ.WIN32\DEBUG.WIN32\CCLAYERGRADIENTLOADER.OBJ
C:\USERS\BEN\DOCUMENTS\GITHUB\GAMEBOX\EXTENSIONS\PROJ.WIN32\DEBUG.WIN32\CCNODE+CCBRELATIVEPOSITIONING.OBJ
C:\USERS\BEN\DOCUMENTS\GITHUB\GAMEBOX\EXTENSIONS\PROJ.WIN32\DEBUG.WIN32\CCSCALE9SPRITELOADER.OBJ
C:\USERS\BEN\DOCUMENTS\GITHUB\GAMEBOX\EXTENSIONS\PROJ.WIN32\DEBUG.WIN32\CCCOMAUDIO.OBJ
C:\USERS\BEN\DOCUMENTS\GITHUB\GAMEBOX\EXTENSIONS\PROJ.WIN32\DEBUG.WIN32\CCCONTROLCOLOURPICKER.OBJ
C:\USERS\BEN\DOCUMENTS\GITHUB\GAMEBOX\EXTENSIONS\PROJ.WIN32\DEBUG.WIN32\CCCONTROLSATURATIONBRIGHTNESSPICKER.OBJ
C:\USERS\BEN\DOCUMENTS\GITHUB\GAMEBOX\EXTENSIONS\PROJ.WIN32\DEBUG.WIN32\CCCONTROLUTILS.OBJ
C:\USERS\BEN\DOCUMENTS\GITHUB\GAMEBOX\EXTENSIONS\PROJ.WIN32\DEBUG.WIN32\CCEDITBOXIMPLWIN.OBJ
C:\USERS\BEN\DOCUMENTS\GITHUB\GAMEBOX\EXTENSIONS\PROJ.WIN32\DEBUG.WIN32\LOCALSTORAGE.OBJ
C:\USERS\BEN\DOCUMENTS\GITHUB\GAMEBOX\EXTENSIONS\PROJ.WIN32\DEBUG.WIN32\CCPHYSICSDEBUGNODE.OBJ
C:\USERS\BEN\DOCUMENTS\GITHUB\GAMEBOX\EXTENSIONS\PROJ.WIN32\DEBUG.WIN32\WIN32INPUTBOX.OBJ
C:\USERS\BEN\DOCUMENTS\GITHUB\GAMEBOX\EXTENSIONS\PROJ.WIN32\DEBUG.WIN32\CCARMATUREANIMATION.OBJ
C:\USERS\BEN\DOCUMENTS\GITHUB\GAMEBOX\EXTENSIONS\PROJ.WIN32\DEBUG.WIN32\CCDATAS.OBJ
C:\USERS\BEN\DOCUMENTS\GITHUB\GAMEBOX\EXTENSIONS\PROJ.WIN32\DEBUG.WIN32\CCDECORATIVEDISPLAY.OBJ
C:\USERS\BEN\DOCUMENTS\GITHUB\GAMEBOX\EXTENSIONS\PROJ.WIN32\DEBUG.WIN32\CCTEXTURE2DMUTABLE.OBJ
C:\USERS\BEN\DOCUMENTS\GITHUB\GAMEBOX\EXTENSIONS\PROJ.WIN32\DEBUG.WIN32\CCDATAREADERHELPER.OBJ
C:\USERS\BEN\DOCUMENTS\GITHUB\GAMEBOX\EXTENSIONS\PROJ.WIN32\DEBUG.WIN32\CCUTILMATH.OBJ
C:\USERS\BEN\DOCUMENTS\GITHUB\GAMEBOX\EXTENSIONS\PROJ.WIN32\DEBUG.WIN32\CCBANIMATIONMANAGER.OBJ
C:\USERS\BEN\DOCUMENTS\GITHUB\GAMEBOX\EXTENSIONS\PROJ.WIN32\DEBUG.WIN32\CCCONTROLBUTTONLOADER.OBJ
C:\USERS\BEN\DOCUMENTS\GITHUB\GAMEBOX\EXTENSIONS\PROJ.WIN32\DEBUG.WIN32\CCLAYERCOLORLOADER.OBJ
C:\USERS\BEN\DOCUMENTS\GITHUB\GAMEBOX\EXTENSIONS\PROJ.WIN32\DEBUG.WIN32\CCLAYERLOADER.OBJ
C:\USERS\BEN\DOCUMENTS\GITHUB\GAMEBOX\EXTENSIONS\PROJ.WIN32\DEBUG.WIN32\CCNODELOADER.OBJ
C:\USERS\BEN\DOCUMENTS\GITHUB\GAMEBOX\EXTENSIONS\PROJ.WIN32\DEBUG.WIN32\CCSPRITELOADER.OBJ
C:\USERS\BEN\DOCUMENTS\GITHUB\GAMEBOX\EXTENSIONS\PROJ.WIN32\DEBUG.WIN32\CCCOMCONTROLLER.OBJ
C:\USERS\BEN\DOCUMENTS\GITHUB\GAMEBOX\EXTENSIONS\PROJ.WIN32\DEBUG.WIN32\CCCONTROLBUTTON.OBJ
C:\USERS\BEN\DOCUMENTS\GITHUB\GAMEBOX\EXTENSIONS\PROJ.WIN32\DEBUG.WIN32\CCCONTROLSLIDER.OBJ
C:\USERS\BEN\DOCUMENTS\GITHUB\GAMEBOX\EXTENSIONS\PROJ.WIN32\DEBUG.WIN32\CCEDITBOX.OBJ
C:\USERS\BEN\DOCUMENTS\GITHUB\GAMEBOX\EXTENSIONS\PROJ.WIN32\DEBUG.WIN32\CCTABLEVIEW.OBJ
C:\USERS\BEN\DOCUMENTS\GITHUB\GAMEBOX\EXTENSIONS\PROJ.WIN32\DEBUG.WIN32\WEBSOCKET.OBJ
C:\USERS\BEN\DOCUMENTS\GITHUB\GAMEBOX\EXTENSIONS\PROJ.WIN32\DEBUG.WIN32\CCSKELETON.OBJ
C:\USERS\BEN\DOCUMENTS\GITHUB\GAMEBOX\EXTENSIONS\PROJ.WIN32\DEBUG.WIN32\CCTWEEN.OBJ
C:\USERS\BEN\DOCUMENTS\GITHUB\GAMEBOX\EXTENSIONS\PROJ.WIN32\DEBUG.WIN32\CCBATCHNODE.OBJ
C:\USERS\BEN\DOCUMENTS\GITHUB\GAMEBOX\EXTENSIONS\PROJ.WIN32\DEBUG.WIN32\CCDISPLAYFACTORY.OBJ
C:\USERS\BEN\DOCUMENTS\GITHUB\GAMEBOX\EXTENSIONS\PROJ.WIN32\DEBUG.WIN32\CCARMATUREDATAMANAGER.OBJ
C:\USERS\BEN\DOCUMENTS\GITHUB\GAMEBOX\EXTENSIONS\PROJ.WIN32\DEBUG.WIN32\CCTWEENFUNCTION.OBJ
C:\USERS\BEN\DOCUMENTS\GITHUB\GAMEBOX\EXTENSIONS\PROJ.WIN32\DEBUG.WIN32\CCBFILELOADER.OBJ
C:\USERS\BEN\DOCUMENTS\GITHUB\GAMEBOX\EXTENSIONS\PROJ.WIN32\DEBUG.WIN32\CCBSEQUENCEPROPERTY.OBJ
C:\USERS\BEN\DOCUMENTS\GITHUB\GAMEBOX\EXTENSIONS\PROJ.WIN32\DEBUG.WIN32\CCLABELTTFLOADER.OBJ
C:\USERS\BEN\DOCUMENTS\GITHUB\GAMEBOX\EXTENSIONS\PROJ.WIN32\DEBUG.WIN32\CCMENUITEMIMAGELOADER.OBJ
C:\USERS\BEN\DOCUMENTS\GITHUB\GAMEBOX\EXTENSIONS\PROJ.WIN32\DEBUG.WIN32\CCNODELOADERLIBRARY.OBJ
C:\USERS\BEN\DOCUMENTS\GITHUB\GAMEBOX\EXTENSIONS\PROJ.WIN32\DEBUG.WIN32\CCCOMATTRIBUTE.OBJ
C:\USERS\BEN\DOCUMENTS\GITHUB\GAMEBOX\EXTENSIONS\PROJ.WIN32\DEBUG.WIN32\CCCONTROL.OBJ
C:\USERS\BEN\DOCUMENTS\GITHUB\GAMEBOX\EXTENSIONS\PROJ.WIN32\DEBUG.WIN32\CCCONTROLPOTENTIOMETER.OBJ
C:\USERS\BEN\DOCUMENTS\GITHUB\GAMEBOX\EXTENSIONS\PROJ.WIN32\DEBUG.WIN32\CCCONTROLSWITCH.OBJ
C:\USERS\BEN\DOCUMENTS\GITHUB\GAMEBOX\EXTENSIONS\PROJ.WIN32\DEBUG.WIN32\CCSCROLLVIEW.OBJ
C:\USERS\BEN\DOCUMENTS\GITHUB\GAMEBOX\EXTENSIONS\PROJ.WIN32\DEBUG.WIN32\HTTPCLIENT.OBJ
C:\USERS\BEN\DOCUMENTS\GITHUB\GAMEBOX\EXTENSIONS\PROJ.WIN32\DEBUG.WIN32\CCPHYSICSSPRITE.OBJ
C:\USERS\BEN\DOCUMENTS\GITHUB\GAMEBOX\EXTENSIONS\PROJ.WIN32\DEBUG.WIN32\SPINE-COCOS2DX.OBJ
C:\USERS\BEN\DOCUMENTS\GITHUB\GAMEBOX\EXTENSIONS\PROJ.WIN32\DEBUG.WIN32\ASSETSMANAGER.OBJ
C:\USERS\BEN\DOCUMENTS\GITHUB\GAMEBOX\EXTENSIONS\PROJ.WIN32\DEBUG.WIN32\CCBONE.OBJ
C:\USERS\BEN\DOCUMENTS\GITHUB\GAMEBOX\EXTENSIONS\PROJ.WIN32\DEBUG.WIN32\CCDISPLAYMANAGER.OBJ
C:\USERS\BEN\DOCUMENTS\GITHUB\GAMEBOX\EXTENSIONS\PROJ.WIN32\DEBUG.WIN32\GLES-RENDER.OBJ
C:\USERS\BEN\DOCUMENTS\GITHUB\GAMEBOX\EXTENSIONS\PROJ.WIN32\DEBUG.WIN32\CCPHYSICSWORLD.OBJ
C:\USERS\BEN\DOCUMENTS\GITHUB\GAMEBOX\EXTENSIONS\PROJ.WIN32\DEBUG.WIN32\CCTRANSFORMHELP.OBJ
C:\USERS\BEN\DOCUMENTS\GITHUB\GAMEBOX\EXTENSIONS\PROJ.WIN32\DEBUG.WIN32\CCBKEYFRAME.OBJ
C:\USERS\BEN\DOCUMENTS\GITHUB\GAMEBOX\EXTENSIONS\PROJ.WIN32\DEBUG.WIN32\CCBSEQUENCE.OBJ
C:\USERS\BEN\DOCUMENTS\GITHUB\GAMEBOX\EXTENSIONS\PROJ.WIN32\DEBUG.WIN32\CCCONTROLLOADER.OBJ
C:\USERS\BEN\DOCUMENTS\GITHUB\GAMEBOX\EXTENSIONS\PROJ.WIN32\DEBUG.WIN32\CCMENUITEMLOADER.OBJ
C:\USERS\BEN\DOCUMENTS\GITHUB\GAMEBOX\EXTENSIONS\PROJ.WIN32\DEBUG.WIN32\CCPARTICLESYSTEMQUADLOADER.OBJ
C:\USERS\BEN\DOCUMENTS\GITHUB\GAMEBOX\EXTENSIONS\PROJ.WIN32\DEBUG.WIN32\CCSCROLLVIEWLOADER.OBJ
C:\USERS\BEN\DOCUMENTS\GITHUB\GAMEBOX\EXTENSIONS\PROJ.WIN32\DEBUG.WIN32\CCINPUTDELEGATE.OBJ
C:\USERS\BEN\DOCUMENTS\GITHUB\GAMEBOX\EXTENSIONS\PROJ.WIN32\DEBUG.WIN32\CCCONTROLHUEPICKER.OBJ
C:\USERS\BEN\DOCUMENTS\GITHUB\GAMEBOX\EXTENSIONS\PROJ.WIN32\DEBUG.WIN32\CCCONTROLSTEPPER.OBJ
C:\USERS\BEN\DOCUMENTS\GITHUB\GAMEBOX\EXTENSIONS\PROJ.WIN32\DEBUG.WIN32\CCSCALE9SPRITE.OBJ
C:\USERS\BEN\DOCUMENTS\GITHUB\GAMEBOX\EXTENSIONS\PROJ.WIN32\DEBUG.WIN32\SOCKETIO.OBJ
C:\USERS\BEN\DOCUMENTS\GITHUB\GAMEBOX\EXTENSIONS\PROJ.WIN32\DEBUG.WIN32\CCSKELETONANIMATION.OBJ
C:\Users\Ben\Documents\GitHub\GameBox\extensions\proj.win32\Debug.win32\Animation.obj
C:\Users\Ben\Documents\GitHub\GameBox\extensions\proj.win32\Debug.win32\AnimationState.obj
C:\Users\Ben\Documents\GitHub\GameBox\extensions\proj.win32\Debug.win32\AnimationStateData.obj
C:\Users\Ben\Documents\GitHub\GameBox\extensions\proj.win32\Debug.win32\AssetsManager.obj
C:\Users\Ben\Documents\GitHub\GameBox\extensions\proj.win32\Debug.win32\Atlas.obj
C:\Users\Ben\Documents\GitHub\GameBox\extensions\proj.win32\Debug.win32\AtlasAttachmentLoader.obj
C:\Users\Ben\Documents\GitHub\GameBox\extensions\proj.win32\Debug.win32\Attachment.obj
C:\Users\Ben\Documents\GitHub\GameBox\extensions\proj.win32\Debug.win32\AttachmentLoader.obj
C:\Users\Ben\Documents\GitHub\GameBox\extensions\proj.win32\Debug.win32\Bone.obj
C:\Users\Ben\Documents\GitHub\GameBox\extensions\proj.win32\Debug.win32\BoneData.obj
C:\Users\Ben\Documents\GitHub\GameBox\extensions\proj.win32\Debug.win32\CCArmature.obj
C:\Users\Ben\Documents\GitHub\GameBox\extensions\proj.win32\Debug.win32\CCArmatureAnimation.obj
C:\Users\Ben\Documents\GitHub\GameBox\extensions\proj.win32\Debug.win32\CCArmatureDataManager.obj
C:\Users\Ben\Documents\GitHub\GameBox\extensions\proj.win32\Debug.win32\CCBAnimationManager.obj
C:\Users\Ben\Documents\GitHub\GameBox\extensions\proj.win32\Debug.win32\CCBatchNode.obj
C:\Users\Ben\Documents\GitHub\GameBox\extensions\proj.win32\Debug.win32\CCBFileLoader.obj
C:\Users\Ben\Documents\GitHub\GameBox\extensions\proj.win32\Debug.win32\CCBKeyframe.obj
C:\Users\Ben\Documents\GitHub\GameBox\extensions\proj.win32\Debug.win32\CCBone.obj
C:\Users\Ben\Documents\GitHub\GameBox\extensions\proj.win32\Debug.win32\CCBReader.obj
C:\Users\Ben\Documents\GitHub\GameBox\extensions\proj.win32\Debug.win32\CCBSequence.obj
C:\Users\Ben\Documents\GitHub\GameBox\extensions\proj.win32\Debug.win32\CCBSequenceProperty.obj
C:\Users\Ben\Documents\GitHub\GameBox\extensions\proj.win32\Debug.win32\CCBValue.obj
C:\Users\Ben\Documents\GitHub\GameBox\extensions\proj.win32\Debug.win32\CCColliderDetector.obj
C:\Users\Ben\Documents\GitHub\GameBox\extensions\proj.win32\Debug.win32\CCComAttribute.obj
C:\Users\Ben\Documents\GitHub\GameBox\extensions\proj.win32\Debug.win32\CCComAudio.obj
C:\Users\Ben\Documents\GitHub\GameBox\extensions\proj.win32\Debug.win32\CCComController.obj
C:\Users\Ben\Documents\GitHub\GameBox\extensions\proj.win32\Debug.win32\CCControl.obj
C:\Users\Ben\Documents\GitHub\GameBox\extensions\proj.win32\Debug.win32\CCControlButton.obj
C:\Users\Ben\Documents\GitHub\GameBox\extensions\proj.win32\Debug.win32\CCControlButtonLoader.obj
C:\Users\Ben\Documents\GitHub\GameBox\extensions\proj.win32\Debug.win32\CCControlColourPicker.obj
C:\Users\Ben\Documents\GitHub\GameBox\extensions\proj.win32\Debug.win32\CCControlHuePicker.obj
C:\Users\Ben\Documents\GitHub\GameBox\extensions\proj.win32\Debug.win32\CCControlLoader.obj
C:\Users\Ben\Documents\GitHub\GameBox\extensions\proj.win32\Debug.win32\CCControlPotentiometer.obj
C:\Users\Ben\Documents\GitHub\GameBox\extensions\proj.win32\Debug.win32\CCControlSaturationBrightnessPicker.obj
C:\Users\Ben\Documents\GitHub\GameBox\extensions\proj.win32\Debug.win32\CCControlSlider.obj
C:\Users\Ben\Documents\GitHub\GameBox\extensions\proj.win32\Debug.win32\CCControlStepper.obj
C:\Users\Ben\Documents\GitHub\GameBox\extensions\proj.win32\Debug.win32\CCControlSwitch.obj
C:\Users\Ben\Documents\GitHub\GameBox\extensions\proj.win32\Debug.win32\CCControlUtils.obj
C:\Users\Ben\Documents\GitHub\GameBox\extensions\proj.win32\Debug.win32\CCDataReaderHelper.obj
C:\Users\Ben\Documents\GitHub\GameBox\extensions\proj.win32\Debug.win32\CCDatas.obj
C:\Users\Ben\Documents\GitHub\GameBox\extensions\proj.win32\Debug.win32\CCDecorativeDisplay.obj
C:\Users\Ben\Documents\GitHub\GameBox\extensions\proj.win32\Debug.win32\CCDisplayFactory.obj
C:\Users\Ben\Documents\GitHub\GameBox\extensions\proj.win32\Debug.win32\CCDisplayManager.obj
C:\Users\Ben\Documents\GitHub\GameBox\extensions\proj.win32\Debug.win32\CCEditBox.obj
C:\Users\Ben\Documents\GitHub\GameBox\extensions\proj.win32\Debug.win32\CCEditBoxImplWin.obj
C:\Users\Ben\Documents\GitHub\GameBox\extensions\proj.win32\Debug.win32\CCInputDelegate.obj
C:\Users\Ben\Documents\GitHub\GameBox\extensions\proj.win32\Debug.win32\CCInvocation.obj
C:\Users\Ben\Documents\GitHub\GameBox\extensions\proj.win32\Debug.win32\CCLabelBMFontLoader.obj
C:\Users\Ben\Documents\GitHub\GameBox\extensions\proj.win32\Debug.win32\CCLabelTTFLoader.obj
C:\Users\Ben\Documents\GitHub\GameBox\extensions\proj.win32\Debug.win32\CCLayerColorLoader.obj
C:\Users\Ben\Documents\GitHub\GameBox\extensions\proj.win32\Debug.win32\CCLayerGradientLoader.obj
C:\Users\Ben\Documents\GitHub\GameBox\extensions\proj.win32\Debug.win32\CCLayerLoader.obj
C:\Users\Ben\Documents\GitHub\GameBox\extensions\proj.win32\Debug.win32\CCMenuItemImageLoader.obj
C:\Users\Ben\Documents\GitHub\GameBox\extensions\proj.win32\Debug.win32\CCMenuItemLoader.obj
C:\Users\Ben\Documents\GitHub\GameBox\extensions\proj.win32\Debug.win32\CCNode+CCBRelativePositioning.obj
C:\Users\Ben\Documents\GitHub\GameBox\extensions\proj.win32\Debug.win32\CCNodeLoader.obj
C:\Users\Ben\Documents\GitHub\GameBox\extensions\proj.win32\Debug.win32\CCNodeLoaderLibrary.obj
C:\Users\Ben\Documents\GitHub\GameBox\extensions\proj.win32\Debug.win32\CCParticleSystemQuadLoader.obj
C:\Users\Ben\Documents\GitHub\GameBox\extensions\proj.win32\Debug.win32\CCPhysicsDebugNode.obj
C:\Users\Ben\Documents\GitHub\GameBox\extensions\proj.win32\Debug.win32\CCPhysicsSprite.obj
C:\Users\Ben\Documents\GitHub\GameBox\extensions\proj.win32\Debug.win32\CCPhysicsWorld.obj
C:\Users\Ben\Documents\GitHub\GameBox\extensions\proj.win32\Debug.win32\CCProcessBase.obj
C:\Users\Ben\Documents\GitHub\GameBox\extensions\proj.win32\Debug.win32\CCScale9Sprite.obj
C:\Users\Ben\Documents\GitHub\GameBox\extensions\proj.win32\Debug.win32\CCScale9SpriteLoader.obj
C:\Users\Ben\Documents\GitHub\GameBox\extensions\proj.win32\Debug.win32\CCScrollView.obj
C:\Users\Ben\Documents\GitHub\GameBox\extensions\proj.win32\Debug.win32\CCScrollViewLoader.obj
C:\Users\Ben\Documents\GitHub\GameBox\extensions\proj.win32\Debug.win32\CCShaderNode.obj
C:\Users\Ben\Documents\GitHub\GameBox\extensions\proj.win32\Debug.win32\CCSkeleton.obj
C:\Users\Ben\Documents\GitHub\GameBox\extensions\proj.win32\Debug.win32\CCSkeletonAnimation.obj
C:\Users\Ben\Documents\GitHub\GameBox\extensions\proj.win32\Debug.win32\CCSkin.obj
C:\Users\Ben\Documents\GitHub\GameBox\extensions\proj.win32\Debug.win32\CCSorting.obj
C:\Users\Ben\Documents\GitHub\GameBox\extensions\proj.win32\Debug.win32\CCSpriteFrameCacheHelper.obj
C:\Users\Ben\Documents\GitHub\GameBox\extensions\proj.win32\Debug.win32\CCSpriteLoader.obj
C:\Users\Ben\Documents\GitHub\GameBox\extensions\proj.win32\Debug.win32\CCTableView.obj
C:\Users\Ben\Documents\GitHub\GameBox\extensions\proj.win32\Debug.win32\CCTableViewCell.obj
C:\Users\Ben\Documents\GitHub\GameBox\extensions\proj.win32\Debug.win32\CCTexture2DMutable.obj
C:\Users\Ben\Documents\GitHub\GameBox\extensions\proj.win32\Debug.win32\CCTransformHelp.obj
C:\Users\Ben\Documents\GitHub\GameBox\extensions\proj.win32\Debug.win32\CCTween.obj
C:\Users\Ben\Documents\GitHub\GameBox\extensions\proj.win32\Debug.win32\CCTweenFunction.obj
C:\Users\Ben\Documents\GitHub\GameBox\extensions\proj.win32\Debug.win32\CCUtilMath.obj
C:\Users\Ben\Documents\GitHub\GameBox\extensions\proj.win32\Debug.win32\CSContentJsonDictionary.obj
C:\Users\Ben\Documents\GitHub\GameBox\extensions\proj.win32\Debug.win32\extension.obj
C:\Users\Ben\Documents\GitHub\GameBox\extensions\proj.win32\Debug.win32\GLES-Render.obj
C:\Users\Ben\Documents\GitHub\GameBox\extensions\proj.win32\Debug.win32\HttpClient.obj
C:\Users\Ben\Documents\GitHub\GameBox\extensions\proj.win32\Debug.win32\Json.obj
C:\Users\Ben\Documents\GitHub\GameBox\extensions\proj.win32\Debug.win32\json_reader.obj
C:\Users\Ben\Documents\GitHub\GameBox\extensions\proj.win32\Debug.win32\json_value.obj
C:\Users\Ben\Documents\GitHub\GameBox\extensions\proj.win32\Debug.win32\json_writer.obj
C:\Users\Ben\Documents\GitHub\GameBox\extensions\proj.win32\Debug.win32\LocalStorage.obj
C:\Users\Ben\Documents\GitHub\GameBox\extensions\proj.win32\Debug.win32\RegionAttachment.obj
C:\Users\Ben\Documents\GitHub\GameBox\extensions\proj.win32\Debug.win32\Skeleton.obj
C:\Users\Ben\Documents\GitHub\GameBox\extensions\proj.win32\Debug.win32\SkeletonData.obj
C:\Users\Ben\Documents\GitHub\GameBox\extensions\proj.win32\Debug.win32\SkeletonJson.obj
C:\Users\Ben\Documents\GitHub\GameBox\extensions\proj.win32\Debug.win32\Skin.obj
C:\Users\Ben\Documents\GitHub\GameBox\extensions\proj.win32\Debug.win32\Slot.obj
C:\Users\Ben\Documents\GitHub\GameBox\extensions\proj.win32\Debug.win32\SlotData.obj
C:\Users\Ben\Documents\GitHub\GameBox\extensions\proj.win32\Debug.win32\SocketIO.obj
C:\Users\Ben\Documents\GitHub\GameBox\extensions\proj.win32\Debug.win32\spine-cocos2dx.obj
C:\Users\Ben\Documents\GitHub\GameBox\extensions\proj.win32\Debug.win32\Websocket.obj
C:\Users\Ben\Documents\GitHub\GameBox\extensions\proj.win32\Debug.win32\Win32InputBox.obj
C:\Users\Ben\Documents\GitHub\GameBox\extensions\proj.win32\Debug.win32\CL.2816.read.1.tlog
C:\Users\Ben\Documents\GitHub\GameBox\extensions\proj.win32\Debug.win32\CL.2816.write.1.tlog
C:\Users\Ben\Documents\GitHub\GameBox\extensions\proj.win32\Debug.win32\CL.3992.read.1.tlog
C:\Users\Ben\Documents\GitHub\GameBox\extensions\proj.win32\Debug.win32\CL.3992.write.1.tlog
C:\Users\Ben\Documents\GitHub\GameBox\extensions\proj.win32\Debug.win32\CL.5448.read.1.tlog
C:\Users\Ben\Documents\GitHub\GameBox\extensions\proj.win32\Debug.win32\CL.5448.write.1.tlog
C:\Users\Ben\Documents\GitHub\GameBox\extensions\proj.win32\Debug.win32\CL.5824.read.1.tlog
C:\Users\Ben\Documents\GitHub\GameBox\extensions\proj.win32\Debug.win32\CL.5824.write.1.tlog
C:\Users\Ben\Documents\GitHub\GameBox\extensions\proj.win32\Debug.win32\CL.7560.read.1.tlog
C:\Users\Ben\Documents\GitHub\GameBox\extensions\proj.win32\Debug.win32\CL.7560.write.1.tlog
C:\Users\Ben\Documents\GitHub\GameBox\extensions\proj.win32\Debug.win32\CL.9044.read.1.tlog
C:\Users\Ben\Documents\GitHub\GameBox\extensions\proj.win32\Debug.win32\CL.9044.write.1.tlog
C:\Users\Ben\Documents\GitHub\GameBox\extensions\proj.win32\Debug.win32\CL.9236.read.1.tlog
C:\Users\Ben\Documents\GitHub\GameBox\extensions\proj.win32\Debug.win32\CL.9236.write.1.tlog
C:\Users\Ben\Documents\GitHub\GameBox\extensions\proj.win32\Debug.win32\CL.9436.read.1.tlog
C:\Users\Ben\Documents\GitHub\GameBox\extensions\proj.win32\Debug.win32\CL.9436.write.1.tlog
C:\Users\Ben\Documents\GitHub\GameBox\extensions\proj.win32\Debug.win32\cl.command.1.tlog
C:\Users\Ben\Documents\GitHub\GameBox\extensions\proj.win32\Debug.win32\CL.read.1.tlog
C:\Users\Ben\Documents\GitHub\GameBox\extensions\proj.win32\Debug.win32\cl.write.1.tlog
C:\Users\Ben\Documents\GitHub\GameBox\extensions\proj.win32\Debug.win32\Lib-link.read.1.tlog
C:\Users\Ben\Documents\GitHub\GameBox\extensions\proj.win32\Debug.win32\Lib-link.write.1.tlog
C:\Users\Ben\Documents\GitHub\GameBox\extensions\proj.win32\Debug.win32\lib.command.1.tlog
C:\Users\Ben\Documents\GitHub\GameBox\extensions\proj.win32\Debug.win32\vc100.idb
C:\Users\Ben\Documents\GitHub\GameBox\extensions\proj.win32\Debug.win32\vc110.idb
C:\Users\Ben\Documents\GitHub\GameBox\extensions\proj.win32\Debug.win32\vc100.pdb
C:\Users\Ben\Documents\GitHub\GameBox\extensions\proj.win32\Debug.win32\vc110.pdb
