C:\USERS\BEN\DOCUMENTS\GITHUB\GAMEBOX\GAMEBOX\PROJ.WIN32\DEBUG.WIN32\VC110.PDB
C:\USERS\BEN\DOCUMENTS\GITHUB\GAMEBOX\GAMEBOX\PROJ.WIN32\DEBUG.WIN32\APPDELEGATE.OBJ
C:\USERS\BEN\DOCUMENTS\GITHUB\GAMEBOX\GAMEBOX\PROJ.WIN32\DEBUG.WIN32\HOMESCENE.OBJ
C:\USERS\BEN\DOCUMENTS\GITHUB\GAMEBOX\GAMEBOX\PROJ.WIN32\DEBUG.WIN32\THEBOX.OBJ
C:\USERS\BEN\DOCUMENTS\GITHUB\GAMEBOX\GAMEBOX\PROJ.WIN32\DEBUG.WIN32\GAMEBOX.ILK
C:\USERS\BEN\DOCUMENTS\GITHUB\GAMEBOX\GAMEBOX\PROJ.WIN32\DEBUG.WIN32\GAMEBOX.EXE
C:\USERS\BEN\DOCUMENTS\GITHUB\GAMEBOX\GAMEBOX\PROJ.WIN32\DEBUG.WIN32\GAMEBOX.PDB
C:\Users\Ben\Documents\GitHub\GameBox\GameBox\proj.win32\Debug.win32\AppDelegate.obj
C:\Users\Ben\Documents\GitHub\GameBox\GameBox\proj.win32\Debug.win32\CustomCC.obj
C:\Users\Ben\Documents\GitHub\GameBox\GameBox\proj.win32\Debug.win32\HomeScene.obj
C:\Users\Ben\Documents\GitHub\GameBox\GameBox\proj.win32\Debug.win32\main.obj
C:\Users\Ben\Documents\GitHub\GameBox\GameBox\proj.win32\Debug.win32\Player.obj
C:\Users\Ben\Documents\GitHub\GameBox\GameBox\proj.win32\Debug.win32\TheBox.obj
C:\Users\Ben\Documents\GitHub\GameBox\GameBox\proj.win32\Debug.win32\GameBox.ilk
C:\Users\Ben\Documents\GitHub\GameBox\GameBox\proj.win32\Debug.win32\CL.2448.read.1.tlog
C:\Users\Ben\Documents\GitHub\GameBox\GameBox\proj.win32\Debug.win32\CL.2448.write.1.tlog
C:\Users\Ben\Documents\GitHub\GameBox\GameBox\proj.win32\Debug.win32\CL.8260.read.1.tlog
C:\Users\Ben\Documents\GitHub\GameBox\GameBox\proj.win32\Debug.win32\CL.8260.write.1.tlog
C:\Users\Ben\Documents\GitHub\GameBox\GameBox\proj.win32\Debug.win32\CL.8340.read.1.tlog
C:\Users\Ben\Documents\GitHub\GameBox\GameBox\proj.win32\Debug.win32\CL.8340.write.1.tlog
C:\Users\Ben\Documents\GitHub\GameBox\GameBox\proj.win32\Debug.win32\CL.9336.read.1.tlog
C:\Users\Ben\Documents\GitHub\GameBox\GameBox\proj.win32\Debug.win32\CL.9336.write.1.tlog
C:\Users\Ben\Documents\GitHub\GameBox\GameBox\proj.win32\Debug.win32\CL.9436.read.1.tlog
C:\Users\Ben\Documents\GitHub\GameBox\GameBox\proj.win32\Debug.win32\CL.9436.write.1.tlog
C:\Users\Ben\Documents\GitHub\GameBox\GameBox\proj.win32\Debug.win32\CL.9464.read.1.tlog
C:\Users\Ben\Documents\GitHub\GameBox\GameBox\proj.win32\Debug.win32\CL.9464.write.1.tlog
C:\Users\Ben\Documents\GitHub\GameBox\GameBox\proj.win32\Debug.win32\cl.command.1.tlog
C:\Users\Ben\Documents\GitHub\GameBox\GameBox\proj.win32\Debug.win32\CL.read.1.tlog
C:\Users\Ben\Documents\GitHub\GameBox\GameBox\proj.win32\Debug.win32\cl.write.1.tlog
C:\Users\Ben\Documents\GitHub\GameBox\GameBox\proj.win32\Debug.win32\link-cvtres.read.1.tlog
C:\Users\Ben\Documents\GitHub\GameBox\GameBox\proj.win32\Debug.win32\link-cvtres.write.1.tlog
C:\Users\Ben\Documents\GitHub\GameBox\GameBox\proj.win32\Debug.win32\link-rc.read.1.tlog
C:\Users\Ben\Documents\GitHub\GameBox\GameBox\proj.win32\Debug.win32\link-rc.write.1.tlog
C:\Users\Ben\Documents\GitHub\GameBox\GameBox\proj.win32\Debug.win32\link.328-cvtres.read.1.tlog
C:\Users\Ben\Documents\GitHub\GameBox\GameBox\proj.win32\Debug.win32\link.328-cvtres.write.1.tlog
C:\Users\Ben\Documents\GitHub\GameBox\GameBox\proj.win32\Debug.win32\link.328-rc.read.1.tlog
C:\Users\Ben\Documents\GitHub\GameBox\GameBox\proj.win32\Debug.win32\link.328-rc.write.1.tlog
C:\Users\Ben\Documents\GitHub\GameBox\GameBox\proj.win32\Debug.win32\link.328.read.1.tlog
C:\Users\Ben\Documents\GitHub\GameBox\GameBox\proj.win32\Debug.win32\link.328.write.1.tlog
C:\Users\Ben\Documents\GitHub\GameBox\GameBox\proj.win32\Debug.win32\link.command.1.tlog
C:\Users\Ben\Documents\GitHub\GameBox\GameBox\proj.win32\Debug.win32\link.read.1.tlog
C:\Users\Ben\Documents\GitHub\GameBox\GameBox\proj.win32\Debug.win32\link.write.1.tlog
C:\Users\Ben\Documents\GitHub\GameBox\GameBox\proj.win32\Debug.win32\vc110.idb
C:\Users\Ben\Documents\GitHub\GameBox\GameBox\proj.win32\Debug.win32\GameBox.pdb
C:\Users\Ben\Documents\GitHub\GameBox\GameBox\proj.win32\Debug.win32\vc110.pdb
C:\Users\Ben\Documents\GitHub\GameBox\GameBox\proj.win32\Debug.win32\GameBox.exe
