Build started 7/30/2013 1:56:46 PM.
     1>Project "C:\Users\Ben\Documents\GitHub\GameBox\cocos2dx\proj.win32\cocos2d.vcxproj" on node 2 (Build target(s)).
     1>ClCompile:
         C:\Program Files (x86)\Microsoft Visual Studio 11.0\VC\bin\CL.exe /c /I"C:\Program Files (x86)\Microsoft SDKs\Windows\v7.1A\include" /IC:\Users\Ben\Documents\GitHub\GameBox\cocos2dx\proj.win32\.. /IC:\Users\Ben\Documents\GitHub\GameBox\cocos2dx\proj.win32\..\platform\win32 /IC:\Users\Ben\Documents\GitHub\GameBox\cocos2dx\proj.win32\..\platform\third_party\win32\iconv /IC:\Users\Ben\Documents\GitHub\GameBox\cocos2dx\proj.win32\..\platform\third_party\win32\zlib /IC:\Users\Ben\Documents\GitHub\GameBox\cocos2dx\proj.win32\..\platform\third_party\win32\libpng /IC:\Users\Ben\Documents\GitHub\GameBox\cocos2dx\proj.win32\..\platform\third_party\win32\libjpeg /IC:\Users\Ben\Documents\GitHub\GameBox\cocos2dx\proj.win32\..\platform\third_party\win32\libtiff /IC:\Users\Ben\Documents\GitHub\GameBox\cocos2dx\proj.win32\..\platform\third_party\win32\libwebp /IC:\Users\Ben\Documents\GitHub\GameBox\cocos2dx\proj.win32\..\platform\third_party\win32\pthread /IC:\Users\Ben\Documents\GitHub\GameBox\cocos2dx\proj.win32\..\platform\third_party\win32\OGLES /I..\include /IC:\Users\Ben\Documents\GitHub\GameBox\cocos2dx\proj.win32\..\kazmath\include /ZI /nologo /W3 /WX- /MP /Od /Oy- /D WIN32 /D _DEBUG /D _WINDOWS /D _LIB /D COCOS2DXWIN32_EXPORTS /D GL_GLEXT_PROTOTYPES /D COCOS2D_DEBUG=1 /D _CRT_SECURE_NO_WARNINGS /D _SCL_SECURE_NO_WARNINGS /D _USING_V110_SDK71_ /D _UNICODE /D UNICODE /Gm- /EHsc /RTC1 /MDd /GS /fp:precise /Zc:wchar_t /Zc:forScope /Fo"Debug.win32\\" /Fd"Debug.win32\vc110.pdb" /Gd /TP /wd4267 /wd4251 /wd4244 /analyze- /errorReport:prompt ..\base_nodes\CCAtlasNode.cpp ..\base_nodes\CCNode.cpp ..\ccTypes.cpp ..\cocoa\CCAffineTransform.cpp ..\cocoa\CCArray.cpp ..\cocoa\CCAutoreleasePool.cpp ..\cocoa\CCDataVisitor.cpp ..\cocoa\CCDictionary.cpp ..\cocoa\CCGeometry.cpp ..\cocoa\CCNS.cpp ..\cocoa\CCObject.cpp ..\cocoa\CCSet.cpp ..\cocoa\CCString.cpp ..\cocoa\CCData.cpp ..\draw_nodes\CCDrawingPrimitives.cpp ..\draw_nodes\CCDrawNode.cpp ..\effects\CCGrabber.cpp ..\effects\CCGrid.cpp ..\actions\CCAction.cpp ..\actions\CCActionCamera.cpp ..\actions\CCActionCatmullRom.cpp ..\actions\CCActionEase.cpp ..\actions\CCActionGrid.cpp ..\actions\CCActionGrid3D.cpp ..\actions\CCActionInstant.cpp ..\actions\CCActionInterval.cpp ..\actions\CCActionManager.cpp ..\actions\CCActionPageTurn3D.cpp ..\actions\CCActionProgressTimer.cpp ..\actions\CCActionTiledGrid.cpp ..\actions\CCActionTween.cpp ..\keyboard_dispatcher\CCKeyboardDispatcher.cpp ..\label_nodes\CCLabelAtlas.cpp ..\label_nodes\CCLabelBMFont.cpp ..\label_nodes\CCLabelTTF.cpp ..\layers_scenes_transitions_nodes\CCLayer.cpp ..\layers_scenes_transitions_nodes\CCScene.cpp ..\layers_scenes_transitions_nodes\CCTransition.cpp ..\layers_scenes_transitions_nodes\CCTransitionPageTurn.cpp ..\layers_scenes_transitions_nodes\CCTransitionProgress.cpp ..\menu_nodes\CCMenu.cpp ..\menu_nodes\CCMenuItem.cpp ..\misc_nodes\CCClippingNode.cpp ..\misc_nodes\CCMotionStreak.cpp ..\misc_nodes\CCProgressTimer.cpp ..\misc_nodes\CCRenderTexture.cpp ..\particle_nodes\CCParticleBatchNode.cpp ..\particle_nodes\CCParticleExamples.cpp ..\particle_nodes\CCParticleSystem.cpp ..\particle_nodes\CCParticleSystemQuad.cpp ..\platform\CCEGLViewProtocol.cpp ..\platform\CCFileUtils.cpp ..\platform\CCImageCommonWebp.cpp ..\platform\CCSAXParser.cpp ..\platform\CCThread.cpp ..\platform\win32\CCAccelerometer.cpp ..\platform\win32\CCApplication.cpp ..\platform\win32\CCCommon.cpp ..\platform\win32\CCDevice.cpp ..\platform\win32\CCEGLView.cpp ..\platform\win32\CCFileUtilsWin32.cpp ..\platform\win32\CCImage.cpp ..\platform\win32\CCStdC.cpp ..\shaders\CCGLProgram.cpp ..\shaders\ccGLStateCache.cpp ..\shaders\CCShaderCache.cpp ..\shaders\ccShaders.cpp ..\sprite_nodes\CCAnimation.cpp ..\sprite_nodes\CCAnimationCache.cpp ..\sprite_nodes\CCSprite.cpp ..\sprite_nodes\CCSpriteBatchNode.cpp ..\sprite_nodes\CCSpriteFrame.cpp ..\sprite_nodes\CCSpriteFrameCache.cpp ..\support\base64.cpp ..\support\CCNotificationCenter.cpp ..\support\CCProfiling.cpp ..\support\ccUTF8.cpp ..\support\ccUtils.cpp ..\support\CCVertex.cpp ..\support\component\CCComponent.cpp ..\support\component\CCComponentContainer.cpp ..\support\tinyxml2\tinyxml2.cpp ..\support\TransformUtils.cpp ..\support\data_support\ccCArray.cpp ..\support\image_support\TGAlib.cpp ..\support\user_default\CCUserDefault.cpp ..\support\zip_support\ioapi.cpp ..\support\zip_support\unzip.cpp ..\support\zip_support\ZipUtils.cpp ..\textures\CCTexture2D.cpp ..\textures\CCTextureAtlas.cpp ..\textures\CCTextureCache.cpp ..\textures\CCTextureETC.cpp ..\textures\CCTexturePVR.cpp ..\textures\etc\etc1.cpp ..\tileMap_parallax_nodes\CCParallaxNode.cpp ..\tileMap_parallax_nodes\CCTileMapAtlas.cpp ..\tileMap_parallax_nodes\CCTMXLayer.cpp ..\tileMap_parallax_nodes\CCTMXObjectGroup.cpp ..\tileMap_parallax_nodes\CCTMXTiledMap.cpp ..\tileMap_parallax_nodes\CCTMXXMLParser.cpp ..\touch_dispatcher\CCTouch.cpp ..\touch_dispatcher\CCTouchDispatcher.cpp ..\touch_dispatcher\CCTouchHandler.cpp ..\keypad_dispatcher\CCKeypadDelegate.cpp ..\keypad_dispatcher\CCKeypadDispatcher.cpp ..\text_input_node\CCIMEDispatcher.cpp ..\text_input_node\CCTextFieldTTF.cpp ..\script_support\CCScriptSupport.cpp ..\CCCamera.cpp ..\CCConfiguration.cpp ..\CCDirector.cpp ..\CCScheduler.cpp ..\cocos2d.cpp
         CCAtlasNode.cpp
         CCNode.cpp
         ccTypes.cpp
         CCAffineTransform.cpp
         CCArray.cpp
         CCAutoreleasePool.cpp
         CCDataVisitor.cpp
         CCDictionary.cpp
         CCGeometry.cpp
         CCNS.cpp
         CCObject.cpp
         CCSet.cpp
         CCString.cpp
         CCData.cpp
         CCDrawingPrimitives.cpp
         CCDrawNode.cpp
         CCGrabber.cpp
         CCGrid.cpp
         CCAction.cpp
         CCActionCamera.cpp
         CCActionCatmullRom.cpp
         CCActionEase.cpp
         CCActionGrid.cpp
         CCActionGrid3D.cpp
         CCActionInstant.cpp
         CCActionInterval.cpp
     1>c:\users\ben\documents\github\gamebox\cocos2dx\actions\ccactioninstant.cpp(332): warning C4996: 'cocos2d::CallFunc::initWithTarget': was declared deprecated
                 c:\users\ben\documents\github\gamebox\cocos2dx\actions\ccactioninstant.h(252) : see declaration of 'cocos2d::CallFunc::initWithTarget'
     1>c:\users\ben\documents\github\gamebox\cocos2dx\actions\ccactioninstant.cpp(373): warning C4996: 'cocos2d::CallFunc::initWithTarget': was declared deprecated
                 c:\users\ben\documents\github\gamebox\cocos2dx\actions\ccactioninstant.h(252) : see declaration of 'cocos2d::CallFunc::initWithTarget'
     1>c:\users\ben\documents\github\gamebox\cocos2dx\actions\ccactioninstant.cpp(425): warning C4996: 'cocos2d::CallFuncN::initWithTarget': was declared deprecated
                 c:\users\ben\documents\github\gamebox\cocos2dx\actions\ccactioninstant.h(326) : see declaration of 'cocos2d::CallFuncN::initWithTarget'
     1>c:\users\ben\documents\github\gamebox\cocos2dx\actions\ccactioninstant.cpp(452): warning C4996: 'cocos2d::CallFunc::initWithTarget': was declared deprecated
                 c:\users\ben\documents\github\gamebox\cocos2dx\actions\ccactioninstant.h(252) : see declaration of 'cocos2d::CallFunc::initWithTarget'
     1>c:\users\ben\documents\github\gamebox\cocos2dx\actions\ccactioninstant.cpp(466): warning C4996: 'cocos2d::CallFuncN::initWithTarget': was declared deprecated
                 c:\users\ben\documents\github\gamebox\cocos2dx\actions\ccactioninstant.h(326) : see declaration of 'cocos2d::CallFuncN::initWithTarget'
         CCActionManager.cpp
         CCActionPageTurn3D.cpp
         CCActionProgressTimer.cpp
     1>c:\users\ben\documents\github\gamebox\cocos2dx\actions\ccactioninterval.cpp(2106): warning C4018: '<' : signed/unsigned mismatch
         CCActionTiledGrid.cpp
         CCActionTween.cpp
         CCKeyboardDispatcher.cpp
         CCLabelAtlas.cpp
         CCLabelBMFont.cpp
         CCLabelTTF.cpp
         CCLayer.cpp
         CCScene.cpp
         CCTransition.cpp
         CCTransitionPageTurn.cpp
         CCTransitionProgress.cpp
         CCMenu.cpp
         CCMenuItem.cpp
         CCClippingNode.cpp
         CCMotionStreak.cpp
         CCProgressTimer.cpp
     1>c:\users\ben\documents\github\gamebox\cocos2dx\menu_nodes\ccmenuitem.cpp(61): warning C4996: 'cocos2d::MenuItem::initWithTarget': was declared deprecated
                 c:\users\ben\documents\github\gamebox\cocos2dx\menu_nodes\ccmenuitem.h(80) : see declaration of 'cocos2d::MenuItem::initWithTarget'
     1>c:\users\ben\documents\github\gamebox\cocos2dx\menu_nodes\ccmenuitem.cpp(185): warning C4996: 'cocos2d::MenuItemLabel::initWithLabel': was declared deprecated
                 c:\users\ben\documents\github\gamebox\cocos2dx\menu_nodes\ccmenuitem.h(140) : see declaration of 'cocos2d::MenuItemLabel::initWithLabel'
     1>c:\users\ben\documents\github\gamebox\cocos2dx\menu_nodes\ccmenuitem.cpp(315): warning C4996: 'cocos2d::MenuItemAtlasFont::initWithString': was declared deprecated
                 c:\users\ben\documents\github\gamebox\cocos2dx\menu_nodes\ccmenuitem.h(191) : see declaration of 'cocos2d::MenuItemAtlasFont::initWithString'
     1>c:\users\ben\documents\github\gamebox\cocos2dx\menu_nodes\ccmenuitem.cpp(384): warning C4996: 'cocos2d::MenuItemFont::initWithString': was declared deprecated
                 c:\users\ben\documents\github\gamebox\cocos2dx\menu_nodes\ccmenuitem.h(214) : see declaration of 'cocos2d::MenuItemFont::initWithString'
     1>c:\users\ben\documents\github\gamebox\cocos2dx\menu_nodes\ccmenuitem.cpp(537): warning C4996: 'cocos2d::MenuItemSprite::create': was declared deprecated
                 c:\users\ben\documents\github\gamebox\cocos2dx\menu_nodes\ccmenuitem.h(275) : see declaration of 'cocos2d::MenuItemSprite::create'
     1>c:\users\ben\documents\github\gamebox\cocos2dx\menu_nodes\ccmenuitem.cpp(549): warning C4996: 'cocos2d::MenuItemSprite::initWithNormalSprite': was declared deprecated
                 c:\users\ben\documents\github\gamebox\cocos2dx\menu_nodes\ccmenuitem.h(288) : see declaration of 'cocos2d::MenuItemSprite::initWithNormalSprite'
     1>c:\users\ben\documents\github\gamebox\cocos2dx\menu_nodes\ccmenuitem.cpp(697): warning C4996: 'cocos2d::MenuItemImage::create': was declared deprecated
                 c:\users\ben\documents\github\gamebox\cocos2dx\menu_nodes\ccmenuitem.h(352) : see declaration of 'cocos2d::MenuItemImage::create'
     1>c:\users\ben\documents\github\gamebox\cocos2dx\menu_nodes\ccmenuitem.cpp(709): warning C4996: 'cocos2d::MenuItemImage::initWithNormalImage': was declared deprecated
                 c:\users\ben\documents\github\gamebox\cocos2dx\menu_nodes\ccmenuitem.h(361) : see declaration of 'cocos2d::MenuItemImage::initWithNormalImage'
     1>c:\users\ben\documents\github\gamebox\cocos2dx\menu_nodes\ccmenuitem.cpp(798): warning C4996: 'cocos2d::MenuItem::initWithTarget': was declared deprecated
                 c:\users\ben\documents\github\gamebox\cocos2dx\menu_nodes\ccmenuitem.h(80) : see declaration of 'cocos2d::MenuItem::initWithTarget'
     1>c:\users\ben\documents\github\gamebox\cocos2dx\menu_nodes\ccmenuitem.cpp(837): warning C4996: 'cocos2d::MenuItemToggle::initWithTarget': was declared deprecated
                 c:\users\ben\documents\github\gamebox\cocos2dx\menu_nodes\ccmenuitem.h(401) : see declaration of 'cocos2d::MenuItemToggle::initWithTarget'
         CCRenderTexture.cpp
         CCParticleBatchNode.cpp
         CCParticleExamples.cpp
         CCParticleSystem.cpp
     1>c:\users\ben\documents\github\gamebox\cocos2dx\particle_nodes\ccparticlebatchnode.cpp(450): warning C4018: '>' : signed/unsigned mismatch
         CCParticleSystemQuad.cpp
         CCEGLViewProtocol.cpp
         CCFileUtils.cpp
         CCImageCommonWebp.cpp
         CCSAXParser.cpp
         CCThread.cpp
         CCAccelerometer.cpp
         CCApplication.cpp
         CCCommon.cpp
         CCDevice.cpp
         CCEGLView.cpp
         CCFileUtilsWin32.cpp
         CCImage.cpp
         CCStdC.cpp
         CCGLProgram.cpp
         ccGLStateCache.cpp
         CCShaderCache.cpp
         ccShaders.cpp
         CCAnimation.cpp
         CCAnimationCache.cpp
         CCSprite.cpp
         CCSpriteBatchNode.cpp
         CCSpriteFrame.cpp
         CCSpriteFrameCache.cpp
         base64.cpp
         CCNotificationCenter.cpp
         CCProfiling.cpp
         ccUTF8.cpp
         ccUtils.cpp
         CCVertex.cpp
         CCComponent.cpp
         CCComponentContainer.cpp
         tinyxml2.cpp
         TransformUtils.cpp
         ccCArray.cpp
         TGAlib.cpp
         CCUserDefault.cpp
         ioapi.cpp
         unzip.cpp
         ZipUtils.cpp
         CCTexture2D.cpp
         CCTextureAtlas.cpp
         CCTextureCache.cpp
         CCTextureETC.cpp
         CCTexturePVR.cpp
         etc1.cpp
         CCParallaxNode.cpp
         CCTileMapAtlas.cpp
         CCTMXLayer.cpp
         CCTMXObjectGroup.cpp
         CCTMXTiledMap.cpp
         CCTMXXMLParser.cpp
         CCTouch.cpp
         CCTouchDispatcher.cpp
         CCTouchHandler.cpp
         CCKeypadDelegate.cpp
         CCKeypadDispatcher.cpp
         CCIMEDispatcher.cpp
         CCTextFieldTTF.cpp
         CCScriptSupport.cpp
         CCCamera.cpp
         CCConfiguration.cpp
         CCDirector.cpp
         CCScheduler.cpp
         cocos2d.cpp
         C:\Program Files (x86)\Microsoft Visual Studio 11.0\VC\bin\CL.exe /c /I"C:\Program Files (x86)\Microsoft SDKs\Windows\v7.1A\include" /IC:\Users\Ben\Documents\GitHub\GameBox\cocos2dx\proj.win32\.. /IC:\Users\Ben\Documents\GitHub\GameBox\cocos2dx\proj.win32\..\platform\win32 /IC:\Users\Ben\Documents\GitHub\GameBox\cocos2dx\proj.win32\..\platform\third_party\win32\iconv /IC:\Users\Ben\Documents\GitHub\GameBox\cocos2dx\proj.win32\..\platform\third_party\win32\zlib /IC:\Users\Ben\Documents\GitHub\GameBox\cocos2dx\proj.win32\..\platform\third_party\win32\libpng /IC:\Users\Ben\Documents\GitHub\GameBox\cocos2dx\proj.win32\..\platform\third_party\win32\libjpeg /IC:\Users\Ben\Documents\GitHub\GameBox\cocos2dx\proj.win32\..\platform\third_party\win32\libtiff /IC:\Users\Ben\Documents\GitHub\GameBox\cocos2dx\proj.win32\..\platform\third_party\win32\libwebp /IC:\Users\Ben\Documents\GitHub\GameBox\cocos2dx\proj.win32\..\platform\third_party\win32\pthread /IC:\Users\Ben\Documents\GitHub\GameBox\cocos2dx\proj.win32\..\platform\third_party\win32\OGLES /I..\include /IC:\Users\Ben\Documents\GitHub\GameBox\cocos2dx\proj.win32\..\kazmath\include /ZI /nologo /W3 /WX- /MP /Od /Oy- /D WIN32 /D _DEBUG /D _WINDOWS /D _LIB /D COCOS2DXWIN32_EXPORTS /D GL_GLEXT_PROTOTYPES /D COCOS2D_DEBUG=1 /D _CRT_SECURE_NO_WARNINGS /D _SCL_SECURE_NO_WARNINGS /D _USING_V110_SDK71_ /D _UNICODE /D UNICODE /Gm- /EHsc /RTC1 /MDd /GS /fp:precise /Zc:wchar_t /Zc:forScope /Fo"Debug.win32\\" /Fd"Debug.win32\vc110.pdb" /Gd /TC /wd4267 /wd4251 /wd4244 /analyze- /errorReport:prompt ..\ccFPSImages.c ..\kazmath\src\aabb.c ..\kazmath\src\mat3.c ..\kazmath\src\mat4.c ..\kazmath\src\neon_matrix_impl.c ..\kazmath\src\plane.c ..\kazmath\src\quaternion.c ..\kazmath\src\ray2.c ..\kazmath\src\utility.c ..\kazmath\src\vec2.c ..\kazmath\src\vec3.c ..\kazmath\src\vec4.c ..\kazmath\src\GL\mat4stack.c ..\kazmath\src\GL\matrix.c
         ccFPSImages.c
         aabb.c
         mat3.c
         mat4.c
         neon_matrix_impl.c
         plane.c
         quaternion.c
         ray2.c
         utility.c
         vec2.c
         vec3.c
         vec4.c
         mat4stack.c
         matrix.c
       PreLinkEvent:
         if not exist "C:\Users\Ben\Documents\GitHub\GameBox\GameBox\proj.win32\Debug.win32\" mkdir "C:\Users\Ben\Documents\GitHub\GameBox\GameBox\proj.win32\Debug.win32\"
         xcopy /Y /Q "C:\Users\Ben\Documents\GitHub\GameBox\cocos2dx\proj.win32\..\platform\third_party\win32\libraries\*.*" "C:\Users\Ben\Documents\GitHub\GameBox\GameBox\proj.win32\Debug.win32\"
         
         :VCEnd
         13 File(s) copied
       Lib:
         C:\Program Files (x86)\Microsoft Visual Studio 11.0\VC\bin\Lib.exe /OUT:"C:\Users\Ben\Documents\GitHub\GameBox\GameBox\proj.win32\Debug.win32\libcocos2d.lib" /NOLOGO Debug.win32\CCAtlasNode.obj
         Debug.win32\CCNode.obj
         Debug.win32\ccFPSImages.obj
         Debug.win32\ccTypes.obj
         Debug.win32\CCAffineTransform.obj
         Debug.win32\CCArray.obj
         Debug.win32\CCAutoreleasePool.obj
         Debug.win32\CCDataVisitor.obj
         Debug.win32\CCDictionary.obj
         Debug.win32\CCGeometry.obj
         Debug.win32\CCNS.obj
         Debug.win32\CCObject.obj
         Debug.win32\CCSet.obj
         Debug.win32\CCString.obj
         Debug.win32\CCData.obj
         Debug.win32\CCDrawingPrimitives.obj
         Debug.win32\CCDrawNode.obj
         Debug.win32\CCGrabber.obj
         Debug.win32\CCGrid.obj
         Debug.win32\CCAction.obj
         Debug.win32\CCActionCamera.obj
         Debug.win32\CCActionCatmullRom.obj
         Debug.win32\CCActionEase.obj
         Debug.win32\CCActionGrid.obj
         Debug.win32\CCActionGrid3D.obj
         Debug.win32\CCActionInstant.obj
         Debug.win32\CCActionInterval.obj
         Debug.win32\CCActionManager.obj
         Debug.win32\CCActionPageTurn3D.obj
         Debug.win32\CCActionProgressTimer.obj
         Debug.win32\CCActionTiledGrid.obj
         Debug.win32\CCActionTween.obj
         Debug.win32\CCKeyboardDispatcher.obj
         Debug.win32\CCLabelAtlas.obj
         Debug.win32\CCLabelBMFont.obj
         Debug.win32\CCLabelTTF.obj
         Debug.win32\CCLayer.obj
         Debug.win32\CCScene.obj
         Debug.win32\CCTransition.obj
         Debug.win32\CCTransitionPageTurn.obj
         Debug.win32\CCTransitionProgress.obj
         Debug.win32\CCMenu.obj
         Debug.win32\CCMenuItem.obj
         Debug.win32\CCClippingNode.obj
         Debug.win32\CCMotionStreak.obj
         Debug.win32\CCProgressTimer.obj
         Debug.win32\CCRenderTexture.obj
         Debug.win32\CCParticleBatchNode.obj
         Debug.win32\CCParticleExamples.obj
         Debug.win32\CCParticleSystem.obj
         Debug.win32\CCParticleSystemQuad.obj
         Debug.win32\CCEGLViewProtocol.obj
         Debug.win32\CCFileUtils.obj
         Debug.win32\CCImageCommonWebp.obj
         Debug.win32\CCSAXParser.obj
         Debug.win32\CCThread.obj
         Debug.win32\CCAccelerometer.obj
         Debug.win32\CCApplication.obj
         Debug.win32\CCCommon.obj
         Debug.win32\CCDevice.obj
         Debug.win32\CCEGLView.obj
         Debug.win32\CCFileUtilsWin32.obj
         Debug.win32\CCImage.obj
         Debug.win32\CCStdC.obj
         Debug.win32\CCGLProgram.obj
         Debug.win32\ccGLStateCache.obj
         Debug.win32\CCShaderCache.obj
         Debug.win32\ccShaders.obj
         Debug.win32\CCAnimation.obj
         Debug.win32\CCAnimationCache.obj
         Debug.win32\CCSprite.obj
         Debug.win32\CCSpriteBatchNode.obj
         Debug.win32\CCSpriteFrame.obj
         Debug.win32\CCSpriteFrameCache.obj
         Debug.win32\base64.obj
         Debug.win32\CCNotificationCenter.obj
         Debug.win32\CCProfiling.obj
         Debug.win32\ccUTF8.obj
         Debug.win32\ccUtils.obj
         Debug.win32\CCVertex.obj
         Debug.win32\CCComponent.obj
         Debug.win32\CCComponentContainer.obj
         Debug.win32\tinyxml2.obj
         Debug.win32\TransformUtils.obj
         Debug.win32\ccCArray.obj
         Debug.win32\TGAlib.obj
         Debug.win32\CCUserDefault.obj
         Debug.win32\ioapi.obj
         Debug.win32\unzip.obj
         Debug.win32\ZipUtils.obj
         Debug.win32\CCTexture2D.obj
         Debug.win32\CCTextureAtlas.obj
         Debug.win32\CCTextureCache.obj
         Debug.win32\CCTextureETC.obj
         Debug.win32\CCTexturePVR.obj
         Debug.win32\etc1.obj
         Debug.win32\CCParallaxNode.obj
         Debug.win32\CCTileMapAtlas.obj
         Debug.win32\CCTMXLayer.obj
         Debug.win32\CCTMXObjectGroup.obj
         Debug.win32\CCTMXTiledMap.obj
         Debug.win32\CCTMXXMLParser.obj
         Debug.win32\CCTouch.obj
         Debug.win32\CCTouchDispatcher.obj
         Debug.win32\CCTouchHandler.obj
         Debug.win32\CCKeypadDelegate.obj
         Debug.win32\CCKeypadDispatcher.obj
         Debug.win32\CCIMEDispatcher.obj
         Debug.win32\CCTextFieldTTF.obj
         Debug.win32\CCScriptSupport.obj
         Debug.win32\aabb.obj
         Debug.win32\mat3.obj
         Debug.win32\mat4.obj
         Debug.win32\neon_matrix_impl.obj
         Debug.win32\plane.obj
         Debug.win32\quaternion.obj
         Debug.win32\ray2.obj
         Debug.win32\utility.obj
         Debug.win32\vec2.obj
         Debug.win32\vec3.obj
         Debug.win32\vec4.obj
         Debug.win32\mat4stack.obj
         Debug.win32\matrix.obj
         Debug.win32\CCCamera.obj
         Debug.win32\CCConfiguration.obj
         Debug.win32\CCDirector.obj
         Debug.win32\CCScheduler.obj
         Debug.win32\cocos2d.obj
         cocos2d.vcxproj -> C:\Users\Ben\Documents\GitHub\GameBox\GameBox\proj.win32\Debug.win32\libcocos2d.lib
     1>Done Building Project "C:\Users\Ben\Documents\GitHub\GameBox\cocos2dx\proj.win32\cocos2d.vcxproj" (Build target(s)).

Build succeeded.

Time Elapsed 00:00:37.32
