C:\USERS\BEN\DOCUMENTS\GITHUB\GAMEBOX\COCOS2DX\PROJ.WIN32\DEBUG.WIN32\CCNODE.OBJ
C:\USERS\BEN\DOCUMENTS\GITHUB\GAMEBOX\COCOS2DX\PROJ.WIN32\DEBUG.WIN32\VC110.PDB
C:\USERS\BEN\DOCUMENTS\GITHUB\GAMEBOX\COCOS2DX\PROJ.WIN32\DEBUG.WIN32\CCTYPES.OBJ
C:\USERS\BEN\DOCUMENTS\GITHUB\GAMEBOX\COCOS2DX\PROJ.WIN32\DEBUG.WIN32\CCAFFINETRANSFORM.OBJ
C:\USERS\BEN\DOCUMENTS\GITHUB\GAMEBOX\COCOS2DX\PROJ.WIN32\DEBUG.WIN32\CCARRAY.OBJ
C:\USERS\BEN\DOCUMENTS\GITHUB\GAMEBOX\COCOS2DX\PROJ.WIN32\DEBUG.WIN32\CCAUTORELEASEPOOL.OBJ
C:\USERS\BEN\DOCUMENTS\GITHUB\GAMEBOX\COCOS2DX\PROJ.WIN32\DEBUG.WIN32\CCDATAVISITOR.OBJ
C:\USERS\BEN\DOCUMENTS\GITHUB\GAMEBOX\COCOS2DX\PROJ.WIN32\DEBUG.WIN32\CCDICTIONARY.OBJ
C:\USERS\BEN\DOCUMENTS\GITHUB\GAMEBOX\COCOS2DX\PROJ.WIN32\DEBUG.WIN32\CCGEOMETRY.OBJ
C:\USERS\BEN\DOCUMENTS\GITHUB\GAMEBOX\COCOS2DX\PROJ.WIN32\DEBUG.WIN32\CCNS.OBJ
C:\USERS\BEN\DOCUMENTS\GITHUB\GAMEBOX\COCOS2DX\PROJ.WIN32\DEBUG.WIN32\CCOBJECT.OBJ
C:\USERS\BEN\DOCUMENTS\GITHUB\GAMEBOX\COCOS2DX\PROJ.WIN32\DEBUG.WIN32\CCSET.OBJ
C:\USERS\BEN\DOCUMENTS\GITHUB\GAMEBOX\COCOS2DX\PROJ.WIN32\DEBUG.WIN32\CCSTRING.OBJ
C:\USERS\BEN\DOCUMENTS\GITHUB\GAMEBOX\COCOS2DX\PROJ.WIN32\DEBUG.WIN32\CCDATA.OBJ
C:\USERS\BEN\DOCUMENTS\GITHUB\GAMEBOX\COCOS2DX\PROJ.WIN32\DEBUG.WIN32\CCDRAWINGPRIMITIVES.OBJ
C:\USERS\BEN\DOCUMENTS\GITHUB\GAMEBOX\COCOS2DX\PROJ.WIN32\DEBUG.WIN32\CCDRAWNODE.OBJ
C:\USERS\BEN\DOCUMENTS\GITHUB\GAMEBOX\COCOS2DX\PROJ.WIN32\DEBUG.WIN32\CCGRABBER.OBJ
C:\USERS\BEN\DOCUMENTS\GITHUB\GAMEBOX\COCOS2DX\PROJ.WIN32\DEBUG.WIN32\CCGRID.OBJ
C:\USERS\BEN\DOCUMENTS\GITHUB\GAMEBOX\COCOS2DX\PROJ.WIN32\DEBUG.WIN32\CCACTION.OBJ
C:\USERS\BEN\DOCUMENTS\GITHUB\GAMEBOX\COCOS2DX\PROJ.WIN32\DEBUG.WIN32\CCACTIONCAMERA.OBJ
C:\USERS\BEN\DOCUMENTS\GITHUB\GAMEBOX\COCOS2DX\PROJ.WIN32\DEBUG.WIN32\CCACTIONCATMULLROM.OBJ
C:\USERS\BEN\DOCUMENTS\GITHUB\GAMEBOX\COCOS2DX\PROJ.WIN32\DEBUG.WIN32\CCACTIONEASE.OBJ
C:\USERS\BEN\DOCUMENTS\GITHUB\GAMEBOX\COCOS2DX\PROJ.WIN32\DEBUG.WIN32\CCACTIONGRID.OBJ
C:\USERS\BEN\DOCUMENTS\GITHUB\GAMEBOX\COCOS2DX\PROJ.WIN32\DEBUG.WIN32\CCACTIONGRID3D.OBJ
C:\USERS\BEN\DOCUMENTS\GITHUB\GAMEBOX\COCOS2DX\PROJ.WIN32\DEBUG.WIN32\CCACTIONMANAGER.OBJ
C:\USERS\BEN\DOCUMENTS\GITHUB\GAMEBOX\COCOS2DX\PROJ.WIN32\DEBUG.WIN32\CCACTIONPAGETURN3D.OBJ
C:\USERS\BEN\DOCUMENTS\GITHUB\GAMEBOX\COCOS2DX\PROJ.WIN32\DEBUG.WIN32\CCACTIONTILEDGRID.OBJ
C:\USERS\BEN\DOCUMENTS\GITHUB\GAMEBOX\COCOS2DX\PROJ.WIN32\DEBUG.WIN32\CCACTIONTWEEN.OBJ
C:\USERS\BEN\DOCUMENTS\GITHUB\GAMEBOX\COCOS2DX\PROJ.WIN32\DEBUG.WIN32\CCKEYBOARDDISPATCHER.OBJ
C:\USERS\BEN\DOCUMENTS\GITHUB\GAMEBOX\COCOS2DX\PROJ.WIN32\DEBUG.WIN32\CCLAYER.OBJ
C:\USERS\BEN\DOCUMENTS\GITHUB\GAMEBOX\COCOS2DX\PROJ.WIN32\DEBUG.WIN32\CCSCENE.OBJ
C:\USERS\BEN\DOCUMENTS\GITHUB\GAMEBOX\COCOS2DX\PROJ.WIN32\DEBUG.WIN32\CCTRANSITIONPAGETURN.OBJ
C:\USERS\BEN\DOCUMENTS\GITHUB\GAMEBOX\COCOS2DX\PROJ.WIN32\DEBUG.WIN32\CCMENU.OBJ
C:\USERS\BEN\DOCUMENTS\GITHUB\GAMEBOX\COCOS2DX\PROJ.WIN32\DEBUG.WIN32\CCCLIPPINGNODE.OBJ
C:\USERS\BEN\DOCUMENTS\GITHUB\GAMEBOX\COCOS2DX\PROJ.WIN32\DEBUG.WIN32\CCPARTICLESYSTEMQUAD.OBJ
C:\USERS\BEN\DOCUMENTS\GITHUB\GAMEBOX\COCOS2DX\PROJ.WIN32\DEBUG.WIN32\CCEGLVIEWPROTOCOL.OBJ
C:\USERS\BEN\DOCUMENTS\GITHUB\GAMEBOX\COCOS2DX\PROJ.WIN32\DEBUG.WIN32\CCFILEUTILS.OBJ
C:\USERS\BEN\DOCUMENTS\GITHUB\GAMEBOX\COCOS2DX\PROJ.WIN32\DEBUG.WIN32\CCIMAGECOMMONWEBP.OBJ
C:\USERS\BEN\DOCUMENTS\GITHUB\GAMEBOX\COCOS2DX\PROJ.WIN32\DEBUG.WIN32\CCSAXPARSER.OBJ
C:\USERS\BEN\DOCUMENTS\GITHUB\GAMEBOX\COCOS2DX\PROJ.WIN32\DEBUG.WIN32\CCTHREAD.OBJ
C:\USERS\BEN\DOCUMENTS\GITHUB\GAMEBOX\COCOS2DX\PROJ.WIN32\DEBUG.WIN32\CCACCELEROMETER.OBJ
C:\USERS\BEN\DOCUMENTS\GITHUB\GAMEBOX\COCOS2DX\PROJ.WIN32\DEBUG.WIN32\CCAPPLICATION.OBJ
C:\USERS\BEN\DOCUMENTS\GITHUB\GAMEBOX\COCOS2DX\PROJ.WIN32\DEBUG.WIN32\CCCOMMON.OBJ
C:\USERS\BEN\DOCUMENTS\GITHUB\GAMEBOX\COCOS2DX\PROJ.WIN32\DEBUG.WIN32\CCDEVICE.OBJ
C:\USERS\BEN\DOCUMENTS\GITHUB\GAMEBOX\COCOS2DX\PROJ.WIN32\DEBUG.WIN32\CCEGLVIEW.OBJ
C:\USERS\BEN\DOCUMENTS\GITHUB\GAMEBOX\COCOS2DX\PROJ.WIN32\DEBUG.WIN32\CCFILEUTILSWIN32.OBJ
C:\USERS\BEN\DOCUMENTS\GITHUB\GAMEBOX\COCOS2DX\PROJ.WIN32\DEBUG.WIN32\CCIMAGE.OBJ
C:\USERS\BEN\DOCUMENTS\GITHUB\GAMEBOX\COCOS2DX\PROJ.WIN32\DEBUG.WIN32\CCSTDC.OBJ
C:\USERS\BEN\DOCUMENTS\GITHUB\GAMEBOX\COCOS2DX\PROJ.WIN32\DEBUG.WIN32\CCGLPROGRAM.OBJ
C:\USERS\BEN\DOCUMENTS\GITHUB\GAMEBOX\COCOS2DX\PROJ.WIN32\DEBUG.WIN32\CCGLSTATECACHE.OBJ
C:\USERS\BEN\DOCUMENTS\GITHUB\GAMEBOX\COCOS2DX\PROJ.WIN32\DEBUG.WIN32\CCSHADERCACHE.OBJ
C:\USERS\BEN\DOCUMENTS\GITHUB\GAMEBOX\COCOS2DX\PROJ.WIN32\DEBUG.WIN32\CCSHADERS.OBJ
C:\USERS\BEN\DOCUMENTS\GITHUB\GAMEBOX\COCOS2DX\PROJ.WIN32\DEBUG.WIN32\CCANIMATIONCACHE.OBJ
C:\USERS\BEN\DOCUMENTS\GITHUB\GAMEBOX\COCOS2DX\PROJ.WIN32\DEBUG.WIN32\BASE64.OBJ
C:\USERS\BEN\DOCUMENTS\GITHUB\GAMEBOX\COCOS2DX\PROJ.WIN32\DEBUG.WIN32\CCNOTIFICATIONCENTER.OBJ
C:\USERS\BEN\DOCUMENTS\GITHUB\GAMEBOX\COCOS2DX\PROJ.WIN32\DEBUG.WIN32\CCPROFILING.OBJ
C:\USERS\BEN\DOCUMENTS\GITHUB\GAMEBOX\COCOS2DX\PROJ.WIN32\DEBUG.WIN32\CCUTF8.OBJ
C:\USERS\BEN\DOCUMENTS\GITHUB\GAMEBOX\COCOS2DX\PROJ.WIN32\DEBUG.WIN32\CCUTILS.OBJ
C:\USERS\BEN\DOCUMENTS\GITHUB\GAMEBOX\COCOS2DX\PROJ.WIN32\DEBUG.WIN32\CCVERTEX.OBJ
C:\USERS\BEN\DOCUMENTS\GITHUB\GAMEBOX\COCOS2DX\PROJ.WIN32\DEBUG.WIN32\CCCOMPONENT.OBJ
C:\USERS\BEN\DOCUMENTS\GITHUB\GAMEBOX\COCOS2DX\PROJ.WIN32\DEBUG.WIN32\CCCOMPONENTCONTAINER.OBJ
C:\USERS\BEN\DOCUMENTS\GITHUB\GAMEBOX\COCOS2DX\PROJ.WIN32\DEBUG.WIN32\TINYXML2.OBJ
C:\USERS\BEN\DOCUMENTS\GITHUB\GAMEBOX\COCOS2DX\PROJ.WIN32\DEBUG.WIN32\TRANSFORMUTILS.OBJ
C:\USERS\BEN\DOCUMENTS\GITHUB\GAMEBOX\COCOS2DX\PROJ.WIN32\DEBUG.WIN32\CCCARRAY.OBJ
C:\USERS\BEN\DOCUMENTS\GITHUB\GAMEBOX\COCOS2DX\PROJ.WIN32\DEBUG.WIN32\TGALIB.OBJ
C:\USERS\BEN\DOCUMENTS\GITHUB\GAMEBOX\COCOS2DX\PROJ.WIN32\DEBUG.WIN32\CCUSERDEFAULT.OBJ
C:\USERS\BEN\DOCUMENTS\GITHUB\GAMEBOX\COCOS2DX\PROJ.WIN32\DEBUG.WIN32\IOAPI.OBJ
C:\USERS\BEN\DOCUMENTS\GITHUB\GAMEBOX\COCOS2DX\PROJ.WIN32\DEBUG.WIN32\UNZIP.OBJ
C:\USERS\BEN\DOCUMENTS\GITHUB\GAMEBOX\COCOS2DX\PROJ.WIN32\DEBUG.WIN32\ZIPUTILS.OBJ
C:\USERS\BEN\DOCUMENTS\GITHUB\GAMEBOX\COCOS2DX\PROJ.WIN32\DEBUG.WIN32\CCTEXTURE2D.OBJ
C:\USERS\BEN\DOCUMENTS\GITHUB\GAMEBOX\COCOS2DX\PROJ.WIN32\DEBUG.WIN32\CCTEXTUREETC.OBJ
C:\USERS\BEN\DOCUMENTS\GITHUB\GAMEBOX\COCOS2DX\PROJ.WIN32\DEBUG.WIN32\CCTEXTUREPVR.OBJ
C:\USERS\BEN\DOCUMENTS\GITHUB\GAMEBOX\COCOS2DX\PROJ.WIN32\DEBUG.WIN32\ETC1.OBJ
C:\USERS\BEN\DOCUMENTS\GITHUB\GAMEBOX\COCOS2DX\PROJ.WIN32\DEBUG.WIN32\CCPARALLAXNODE.OBJ
C:\USERS\BEN\DOCUMENTS\GITHUB\GAMEBOX\COCOS2DX\PROJ.WIN32\DEBUG.WIN32\CCTILEMAPATLAS.OBJ
C:\USERS\BEN\DOCUMENTS\GITHUB\GAMEBOX\COCOS2DX\PROJ.WIN32\DEBUG.WIN32\CCTMXOBJECTGROUP.OBJ
C:\USERS\BEN\DOCUMENTS\GITHUB\GAMEBOX\COCOS2DX\PROJ.WIN32\DEBUG.WIN32\CCTMXXMLPARSER.OBJ
C:\USERS\BEN\DOCUMENTS\GITHUB\GAMEBOX\COCOS2DX\PROJ.WIN32\DEBUG.WIN32\CCTOUCH.OBJ
C:\USERS\BEN\DOCUMENTS\GITHUB\GAMEBOX\COCOS2DX\PROJ.WIN32\DEBUG.WIN32\CCTOUCHDISPATCHER.OBJ
C:\USERS\BEN\DOCUMENTS\GITHUB\GAMEBOX\COCOS2DX\PROJ.WIN32\DEBUG.WIN32\CCTOUCHHANDLER.OBJ
C:\USERS\BEN\DOCUMENTS\GITHUB\GAMEBOX\COCOS2DX\PROJ.WIN32\DEBUG.WIN32\CCKEYPADDELEGATE.OBJ
C:\USERS\BEN\DOCUMENTS\GITHUB\GAMEBOX\COCOS2DX\PROJ.WIN32\DEBUG.WIN32\CCKEYPADDISPATCHER.OBJ
C:\USERS\BEN\DOCUMENTS\GITHUB\GAMEBOX\COCOS2DX\PROJ.WIN32\DEBUG.WIN32\CCIMEDISPATCHER.OBJ
C:\USERS\BEN\DOCUMENTS\GITHUB\GAMEBOX\COCOS2DX\PROJ.WIN32\DEBUG.WIN32\CCSCRIPTSUPPORT.OBJ
C:\USERS\BEN\DOCUMENTS\GITHUB\GAMEBOX\COCOS2DX\PROJ.WIN32\DEBUG.WIN32\CCCAMERA.OBJ
C:\USERS\BEN\DOCUMENTS\GITHUB\GAMEBOX\COCOS2DX\PROJ.WIN32\DEBUG.WIN32\CCSCHEDULER.OBJ
C:\USERS\BEN\DOCUMENTS\GITHUB\GAMEBOX\COCOS2DX\PROJ.WIN32\DEBUG.WIN32\CCACTIONPROGRESSTIMER.OBJ
C:\USERS\BEN\DOCUMENTS\GITHUB\GAMEBOX\COCOS2DX\PROJ.WIN32\DEBUG.WIN32\CCLABELATLAS.OBJ
C:\USERS\BEN\DOCUMENTS\GITHUB\GAMEBOX\COCOS2DX\PROJ.WIN32\DEBUG.WIN32\CCMOTIONSTREAK.OBJ
C:\USERS\BEN\DOCUMENTS\GITHUB\GAMEBOX\COCOS2DX\PROJ.WIN32\DEBUG.WIN32\CCPARTICLEEXAMPLES.OBJ
C:\USERS\BEN\DOCUMENTS\GITHUB\GAMEBOX\COCOS2DX\PROJ.WIN32\DEBUG.WIN32\CCSPRITEBATCHNODE.OBJ
C:\USERS\BEN\DOCUMENTS\GITHUB\GAMEBOX\COCOS2DX\PROJ.WIN32\DEBUG.WIN32\COCOS2D.OBJ
C:\USERS\BEN\DOCUMENTS\GITHUB\GAMEBOX\COCOS2DX\PROJ.WIN32\DEBUG.WIN32\CCATLASNODE.OBJ
C:\USERS\BEN\DOCUMENTS\GITHUB\GAMEBOX\COCOS2DX\PROJ.WIN32\DEBUG.WIN32\CCACTIONINTERVAL.OBJ
C:\USERS\BEN\DOCUMENTS\GITHUB\GAMEBOX\COCOS2DX\PROJ.WIN32\DEBUG.WIN32\CCMENUITEM.OBJ
C:\USERS\BEN\DOCUMENTS\GITHUB\GAMEBOX\COCOS2DX\PROJ.WIN32\DEBUG.WIN32\CCRENDERTEXTURE.OBJ
C:\USERS\BEN\DOCUMENTS\GITHUB\GAMEBOX\COCOS2DX\PROJ.WIN32\DEBUG.WIN32\CCSPRITEFRAMECACHE.OBJ
C:\USERS\BEN\DOCUMENTS\GITHUB\GAMEBOX\COCOS2DX\PROJ.WIN32\DEBUG.WIN32\CCTEXTUREATLAS.OBJ
C:\USERS\BEN\DOCUMENTS\GITHUB\GAMEBOX\COCOS2DX\PROJ.WIN32\DEBUG.WIN32\CCCONFIGURATION.OBJ
C:\USERS\BEN\DOCUMENTS\GITHUB\GAMEBOX\COCOS2DX\PROJ.WIN32\DEBUG.WIN32\CCACTIONINSTANT.OBJ
C:\USERS\BEN\DOCUMENTS\GITHUB\GAMEBOX\COCOS2DX\PROJ.WIN32\DEBUG.WIN32\CCLABELTTF.OBJ
C:\USERS\BEN\DOCUMENTS\GITHUB\GAMEBOX\COCOS2DX\PROJ.WIN32\DEBUG.WIN32\CCTRANSITION.OBJ
C:\USERS\BEN\DOCUMENTS\GITHUB\GAMEBOX\COCOS2DX\PROJ.WIN32\DEBUG.WIN32\CCPROGRESSTIMER.OBJ
C:\USERS\BEN\DOCUMENTS\GITHUB\GAMEBOX\COCOS2DX\PROJ.WIN32\DEBUG.WIN32\CCPARTICLESYSTEM.OBJ
C:\USERS\BEN\DOCUMENTS\GITHUB\GAMEBOX\COCOS2DX\PROJ.WIN32\DEBUG.WIN32\CCANIMATION.OBJ
C:\USERS\BEN\DOCUMENTS\GITHUB\GAMEBOX\COCOS2DX\PROJ.WIN32\DEBUG.WIN32\CCSPRITEFRAME.OBJ
C:\USERS\BEN\DOCUMENTS\GITHUB\GAMEBOX\COCOS2DX\PROJ.WIN32\DEBUG.WIN32\CCTMXLAYER.OBJ
C:\USERS\BEN\DOCUMENTS\GITHUB\GAMEBOX\COCOS2DX\PROJ.WIN32\DEBUG.WIN32\CCTEXTFIELDTTF.OBJ
C:\USERS\BEN\DOCUMENTS\GITHUB\GAMEBOX\COCOS2DX\PROJ.WIN32\DEBUG.WIN32\CCDIRECTOR.OBJ
C:\USERS\BEN\DOCUMENTS\GITHUB\GAMEBOX\COCOS2DX\PROJ.WIN32\DEBUG.WIN32\CCLABELBMFONT.OBJ
C:\USERS\BEN\DOCUMENTS\GITHUB\GAMEBOX\COCOS2DX\PROJ.WIN32\DEBUG.WIN32\CCTRANSITIONPROGRESS.OBJ
C:\USERS\BEN\DOCUMENTS\GITHUB\GAMEBOX\COCOS2DX\PROJ.WIN32\DEBUG.WIN32\CCPARTICLEBATCHNODE.OBJ
C:\USERS\BEN\DOCUMENTS\GITHUB\GAMEBOX\COCOS2DX\PROJ.WIN32\DEBUG.WIN32\CCSPRITE.OBJ
C:\USERS\BEN\DOCUMENTS\GITHUB\GAMEBOX\COCOS2DX\PROJ.WIN32\DEBUG.WIN32\CCTEXTURECACHE.OBJ
C:\USERS\BEN\DOCUMENTS\GITHUB\GAMEBOX\COCOS2DX\PROJ.WIN32\DEBUG.WIN32\CCTMXTILEDMAP.OBJ
C:\USERS\BEN\DOCUMENTS\GITHUB\GAMEBOX\COCOS2DX\PROJ.WIN32\DEBUG.WIN32\CCFPSIMAGES.OBJ
C:\USERS\BEN\DOCUMENTS\GITHUB\GAMEBOX\COCOS2DX\PROJ.WIN32\DEBUG.WIN32\NEON_MATRIX_IMPL.OBJ
C:\USERS\BEN\DOCUMENTS\GITHUB\GAMEBOX\COCOS2DX\PROJ.WIN32\DEBUG.WIN32\PLANE.OBJ
C:\USERS\BEN\DOCUMENTS\GITHUB\GAMEBOX\COCOS2DX\PROJ.WIN32\DEBUG.WIN32\VEC3.OBJ
C:\USERS\BEN\DOCUMENTS\GITHUB\GAMEBOX\COCOS2DX\PROJ.WIN32\DEBUG.WIN32\MAT4.OBJ
C:\USERS\BEN\DOCUMENTS\GITHUB\GAMEBOX\COCOS2DX\PROJ.WIN32\DEBUG.WIN32\UTILITY.OBJ
C:\USERS\BEN\DOCUMENTS\GITHUB\GAMEBOX\COCOS2DX\PROJ.WIN32\DEBUG.WIN32\VEC2.OBJ
C:\USERS\BEN\DOCUMENTS\GITHUB\GAMEBOX\COCOS2DX\PROJ.WIN32\DEBUG.WIN32\MATRIX.OBJ
C:\USERS\BEN\DOCUMENTS\GITHUB\GAMEBOX\COCOS2DX\PROJ.WIN32\DEBUG.WIN32\AABB.OBJ
C:\USERS\BEN\DOCUMENTS\GITHUB\GAMEBOX\COCOS2DX\PROJ.WIN32\DEBUG.WIN32\QUATERNION.OBJ
C:\USERS\BEN\DOCUMENTS\GITHUB\GAMEBOX\COCOS2DX\PROJ.WIN32\DEBUG.WIN32\VEC4.OBJ
C:\USERS\BEN\DOCUMENTS\GITHUB\GAMEBOX\COCOS2DX\PROJ.WIN32\DEBUG.WIN32\MAT3.OBJ
C:\USERS\BEN\DOCUMENTS\GITHUB\GAMEBOX\COCOS2DX\PROJ.WIN32\DEBUG.WIN32\RAY2.OBJ
C:\USERS\BEN\DOCUMENTS\GITHUB\GAMEBOX\COCOS2DX\PROJ.WIN32\DEBUG.WIN32\MAT4STACK.OBJ
C:\Users\Ben\Documents\GitHub\GameBox\cocos2dx\proj.win32\Debug.win32\aabb.obj
C:\Users\Ben\Documents\GitHub\GameBox\cocos2dx\proj.win32\Debug.win32\base64.obj
C:\Users\Ben\Documents\GitHub\GameBox\cocos2dx\proj.win32\Debug.win32\CCAccelerometer.obj
C:\Users\Ben\Documents\GitHub\GameBox\cocos2dx\proj.win32\Debug.win32\CCAction.obj
C:\Users\Ben\Documents\GitHub\GameBox\cocos2dx\proj.win32\Debug.win32\CCActionCamera.obj
C:\Users\Ben\Documents\GitHub\GameBox\cocos2dx\proj.win32\Debug.win32\CCActionCatmullRom.obj
C:\Users\Ben\Documents\GitHub\GameBox\cocos2dx\proj.win32\Debug.win32\CCActionEase.obj
C:\Users\Ben\Documents\GitHub\GameBox\cocos2dx\proj.win32\Debug.win32\CCActionGrid.obj
C:\Users\Ben\Documents\GitHub\GameBox\cocos2dx\proj.win32\Debug.win32\CCActionGrid3D.obj
C:\Users\Ben\Documents\GitHub\GameBox\cocos2dx\proj.win32\Debug.win32\CCActionInstant.obj
C:\Users\Ben\Documents\GitHub\GameBox\cocos2dx\proj.win32\Debug.win32\CCActionInterval.obj
C:\Users\Ben\Documents\GitHub\GameBox\cocos2dx\proj.win32\Debug.win32\CCActionManager.obj
C:\Users\Ben\Documents\GitHub\GameBox\cocos2dx\proj.win32\Debug.win32\CCActionPageTurn3D.obj
C:\Users\Ben\Documents\GitHub\GameBox\cocos2dx\proj.win32\Debug.win32\CCActionProgressTimer.obj
C:\Users\Ben\Documents\GitHub\GameBox\cocos2dx\proj.win32\Debug.win32\CCActionTiledGrid.obj
C:\Users\Ben\Documents\GitHub\GameBox\cocos2dx\proj.win32\Debug.win32\CCActionTween.obj
C:\Users\Ben\Documents\GitHub\GameBox\cocos2dx\proj.win32\Debug.win32\CCAffineTransform.obj
C:\Users\Ben\Documents\GitHub\GameBox\cocos2dx\proj.win32\Debug.win32\CCAnimation.obj
C:\Users\Ben\Documents\GitHub\GameBox\cocos2dx\proj.win32\Debug.win32\CCAnimationCache.obj
C:\Users\Ben\Documents\GitHub\GameBox\cocos2dx\proj.win32\Debug.win32\CCApplication.obj
C:\Users\Ben\Documents\GitHub\GameBox\cocos2dx\proj.win32\Debug.win32\CCArray.obj
C:\Users\Ben\Documents\GitHub\GameBox\cocos2dx\proj.win32\Debug.win32\CCAtlasNode.obj
C:\Users\Ben\Documents\GitHub\GameBox\cocos2dx\proj.win32\Debug.win32\CCAutoreleasePool.obj
C:\Users\Ben\Documents\GitHub\GameBox\cocos2dx\proj.win32\Debug.win32\CCCamera.obj
C:\Users\Ben\Documents\GitHub\GameBox\cocos2dx\proj.win32\Debug.win32\ccCArray.obj
C:\Users\Ben\Documents\GitHub\GameBox\cocos2dx\proj.win32\Debug.win32\CCClippingNode.obj
C:\Users\Ben\Documents\GitHub\GameBox\cocos2dx\proj.win32\Debug.win32\CCCommon.obj
C:\Users\Ben\Documents\GitHub\GameBox\cocos2dx\proj.win32\Debug.win32\CCComponent.obj
C:\Users\Ben\Documents\GitHub\GameBox\cocos2dx\proj.win32\Debug.win32\CCComponentContainer.obj
C:\Users\Ben\Documents\GitHub\GameBox\cocos2dx\proj.win32\Debug.win32\CCConfiguration.obj
C:\Users\Ben\Documents\GitHub\GameBox\cocos2dx\proj.win32\Debug.win32\CCData.obj
C:\Users\Ben\Documents\GitHub\GameBox\cocos2dx\proj.win32\Debug.win32\CCDataVisitor.obj
C:\Users\Ben\Documents\GitHub\GameBox\cocos2dx\proj.win32\Debug.win32\CCDevice.obj
C:\Users\Ben\Documents\GitHub\GameBox\cocos2dx\proj.win32\Debug.win32\CCDictionary.obj
C:\Users\Ben\Documents\GitHub\GameBox\cocos2dx\proj.win32\Debug.win32\CCDirector.obj
C:\Users\Ben\Documents\GitHub\GameBox\cocos2dx\proj.win32\Debug.win32\CCDrawingPrimitives.obj
C:\Users\Ben\Documents\GitHub\GameBox\cocos2dx\proj.win32\Debug.win32\CCDrawNode.obj
C:\Users\Ben\Documents\GitHub\GameBox\cocos2dx\proj.win32\Debug.win32\CCEGLView.obj
C:\Users\Ben\Documents\GitHub\GameBox\cocos2dx\proj.win32\Debug.win32\CCEGLViewProtocol.obj
C:\Users\Ben\Documents\GitHub\GameBox\cocos2dx\proj.win32\Debug.win32\CCFileUtils.obj
C:\Users\Ben\Documents\GitHub\GameBox\cocos2dx\proj.win32\Debug.win32\CCFileUtilsWin32.obj
C:\Users\Ben\Documents\GitHub\GameBox\cocos2dx\proj.win32\Debug.win32\ccFPSImages.obj
C:\Users\Ben\Documents\GitHub\GameBox\cocos2dx\proj.win32\Debug.win32\CCGeometry.obj
C:\Users\Ben\Documents\GitHub\GameBox\cocos2dx\proj.win32\Debug.win32\CCGLProgram.obj
C:\Users\Ben\Documents\GitHub\GameBox\cocos2dx\proj.win32\Debug.win32\ccGLStateCache.obj
C:\Users\Ben\Documents\GitHub\GameBox\cocos2dx\proj.win32\Debug.win32\CCGrabber.obj
C:\Users\Ben\Documents\GitHub\GameBox\cocos2dx\proj.win32\Debug.win32\CCGrid.obj
C:\Users\Ben\Documents\GitHub\GameBox\cocos2dx\proj.win32\Debug.win32\CCImage.obj
C:\Users\Ben\Documents\GitHub\GameBox\cocos2dx\proj.win32\Debug.win32\CCImageCommonWebp.obj
C:\Users\Ben\Documents\GitHub\GameBox\cocos2dx\proj.win32\Debug.win32\CCIMEDispatcher.obj
C:\Users\Ben\Documents\GitHub\GameBox\cocos2dx\proj.win32\Debug.win32\CCKeyboardDispatcher.obj
C:\Users\Ben\Documents\GitHub\GameBox\cocos2dx\proj.win32\Debug.win32\CCKeypadDelegate.obj
C:\Users\Ben\Documents\GitHub\GameBox\cocos2dx\proj.win32\Debug.win32\CCKeypadDispatcher.obj
C:\Users\Ben\Documents\GitHub\GameBox\cocos2dx\proj.win32\Debug.win32\CCLabelAtlas.obj
C:\Users\Ben\Documents\GitHub\GameBox\cocos2dx\proj.win32\Debug.win32\CCLabelBMFont.obj
C:\Users\Ben\Documents\GitHub\GameBox\cocos2dx\proj.win32\Debug.win32\CCLabelTTF.obj
C:\Users\Ben\Documents\GitHub\GameBox\cocos2dx\proj.win32\Debug.win32\CCLayer.obj
C:\Users\Ben\Documents\GitHub\GameBox\cocos2dx\proj.win32\Debug.win32\CCMenu.obj
C:\Users\Ben\Documents\GitHub\GameBox\cocos2dx\proj.win32\Debug.win32\CCMenuItem.obj
C:\Users\Ben\Documents\GitHub\GameBox\cocos2dx\proj.win32\Debug.win32\CCMotionStreak.obj
C:\Users\Ben\Documents\GitHub\GameBox\cocos2dx\proj.win32\Debug.win32\CCNode.obj
C:\Users\Ben\Documents\GitHub\GameBox\cocos2dx\proj.win32\Debug.win32\CCNotificationCenter.obj
C:\Users\Ben\Documents\GitHub\GameBox\cocos2dx\proj.win32\Debug.win32\CCNS.obj
C:\Users\Ben\Documents\GitHub\GameBox\cocos2dx\proj.win32\Debug.win32\CCObject.obj
C:\Users\Ben\Documents\GitHub\GameBox\cocos2dx\proj.win32\Debug.win32\CCParallaxNode.obj
C:\Users\Ben\Documents\GitHub\GameBox\cocos2dx\proj.win32\Debug.win32\CCParticleBatchNode.obj
C:\Users\Ben\Documents\GitHub\GameBox\cocos2dx\proj.win32\Debug.win32\CCParticleExamples.obj
C:\Users\Ben\Documents\GitHub\GameBox\cocos2dx\proj.win32\Debug.win32\CCParticleSystem.obj
C:\Users\Ben\Documents\GitHub\GameBox\cocos2dx\proj.win32\Debug.win32\CCParticleSystemQuad.obj
C:\Users\Ben\Documents\GitHub\GameBox\cocos2dx\proj.win32\Debug.win32\CCProfiling.obj
C:\Users\Ben\Documents\GitHub\GameBox\cocos2dx\proj.win32\Debug.win32\CCProgressTimer.obj
C:\Users\Ben\Documents\GitHub\GameBox\cocos2dx\proj.win32\Debug.win32\CCRenderTexture.obj
C:\Users\Ben\Documents\GitHub\GameBox\cocos2dx\proj.win32\Debug.win32\CCSAXParser.obj
C:\Users\Ben\Documents\GitHub\GameBox\cocos2dx\proj.win32\Debug.win32\CCScene.obj
C:\Users\Ben\Documents\GitHub\GameBox\cocos2dx\proj.win32\Debug.win32\CCScheduler.obj
C:\Users\Ben\Documents\GitHub\GameBox\cocos2dx\proj.win32\Debug.win32\CCScriptSupport.obj
C:\Users\Ben\Documents\GitHub\GameBox\cocos2dx\proj.win32\Debug.win32\CCSet.obj
C:\Users\Ben\Documents\GitHub\GameBox\cocos2dx\proj.win32\Debug.win32\CCShaderCache.obj
C:\Users\Ben\Documents\GitHub\GameBox\cocos2dx\proj.win32\Debug.win32\ccShaders.obj
C:\Users\Ben\Documents\GitHub\GameBox\cocos2dx\proj.win32\Debug.win32\CCSprite.obj
C:\Users\Ben\Documents\GitHub\GameBox\cocos2dx\proj.win32\Debug.win32\CCSpriteBatchNode.obj
C:\Users\Ben\Documents\GitHub\GameBox\cocos2dx\proj.win32\Debug.win32\CCSpriteFrame.obj
C:\Users\Ben\Documents\GitHub\GameBox\cocos2dx\proj.win32\Debug.win32\CCSpriteFrameCache.obj
C:\Users\Ben\Documents\GitHub\GameBox\cocos2dx\proj.win32\Debug.win32\CCStdC.obj
C:\Users\Ben\Documents\GitHub\GameBox\cocos2dx\proj.win32\Debug.win32\CCString.obj
C:\Users\Ben\Documents\GitHub\GameBox\cocos2dx\proj.win32\Debug.win32\CCTextFieldTTF.obj
C:\Users\Ben\Documents\GitHub\GameBox\cocos2dx\proj.win32\Debug.win32\CCTexture2D.obj
C:\Users\Ben\Documents\GitHub\GameBox\cocos2dx\proj.win32\Debug.win32\CCTextureAtlas.obj
C:\Users\Ben\Documents\GitHub\GameBox\cocos2dx\proj.win32\Debug.win32\CCTextureCache.obj
C:\Users\Ben\Documents\GitHub\GameBox\cocos2dx\proj.win32\Debug.win32\CCTextureETC.obj
C:\Users\Ben\Documents\GitHub\GameBox\cocos2dx\proj.win32\Debug.win32\CCTexturePVR.obj
C:\Users\Ben\Documents\GitHub\GameBox\cocos2dx\proj.win32\Debug.win32\CCThread.obj
C:\Users\Ben\Documents\GitHub\GameBox\cocos2dx\proj.win32\Debug.win32\CCTileMapAtlas.obj
C:\Users\Ben\Documents\GitHub\GameBox\cocos2dx\proj.win32\Debug.win32\CCTMXLayer.obj
C:\Users\Ben\Documents\GitHub\GameBox\cocos2dx\proj.win32\Debug.win32\CCTMXObjectGroup.obj
C:\Users\Ben\Documents\GitHub\GameBox\cocos2dx\proj.win32\Debug.win32\CCTMXTiledMap.obj
C:\Users\Ben\Documents\GitHub\GameBox\cocos2dx\proj.win32\Debug.win32\CCTMXXMLParser.obj
C:\Users\Ben\Documents\GitHub\GameBox\cocos2dx\proj.win32\Debug.win32\CCTouch.obj
C:\Users\Ben\Documents\GitHub\GameBox\cocos2dx\proj.win32\Debug.win32\CCTouchDispatcher.obj
C:\Users\Ben\Documents\GitHub\GameBox\cocos2dx\proj.win32\Debug.win32\CCTouchHandler.obj
C:\Users\Ben\Documents\GitHub\GameBox\cocos2dx\proj.win32\Debug.win32\CCTransition.obj
C:\Users\Ben\Documents\GitHub\GameBox\cocos2dx\proj.win32\Debug.win32\CCTransitionPageTurn.obj
C:\Users\Ben\Documents\GitHub\GameBox\cocos2dx\proj.win32\Debug.win32\CCTransitionProgress.obj
C:\Users\Ben\Documents\GitHub\GameBox\cocos2dx\proj.win32\Debug.win32\ccTypes.obj
C:\Users\Ben\Documents\GitHub\GameBox\cocos2dx\proj.win32\Debug.win32\CCUserDefault.obj
C:\Users\Ben\Documents\GitHub\GameBox\cocos2dx\proj.win32\Debug.win32\ccUTF8.obj
C:\Users\Ben\Documents\GitHub\GameBox\cocos2dx\proj.win32\Debug.win32\ccUtils.obj
C:\Users\Ben\Documents\GitHub\GameBox\cocos2dx\proj.win32\Debug.win32\CCVertex.obj
C:\Users\Ben\Documents\GitHub\GameBox\cocos2dx\proj.win32\Debug.win32\cocos2d.obj
C:\Users\Ben\Documents\GitHub\GameBox\cocos2dx\proj.win32\Debug.win32\etc1.obj
C:\Users\Ben\Documents\GitHub\GameBox\cocos2dx\proj.win32\Debug.win32\ioapi.obj
C:\Users\Ben\Documents\GitHub\GameBox\cocos2dx\proj.win32\Debug.win32\mat3.obj
C:\Users\Ben\Documents\GitHub\GameBox\cocos2dx\proj.win32\Debug.win32\mat4.obj
C:\Users\Ben\Documents\GitHub\GameBox\cocos2dx\proj.win32\Debug.win32\mat4stack.obj
C:\Users\Ben\Documents\GitHub\GameBox\cocos2dx\proj.win32\Debug.win32\matrix.obj
C:\Users\Ben\Documents\GitHub\GameBox\cocos2dx\proj.win32\Debug.win32\neon_matrix_impl.obj
C:\Users\Ben\Documents\GitHub\GameBox\cocos2dx\proj.win32\Debug.win32\plane.obj
C:\Users\Ben\Documents\GitHub\GameBox\cocos2dx\proj.win32\Debug.win32\quaternion.obj
C:\Users\Ben\Documents\GitHub\GameBox\cocos2dx\proj.win32\Debug.win32\ray2.obj
C:\Users\Ben\Documents\GitHub\GameBox\cocos2dx\proj.win32\Debug.win32\TGAlib.obj
C:\Users\Ben\Documents\GitHub\GameBox\cocos2dx\proj.win32\Debug.win32\tinyxml2.obj
C:\Users\Ben\Documents\GitHub\GameBox\cocos2dx\proj.win32\Debug.win32\TransformUtils.obj
C:\Users\Ben\Documents\GitHub\GameBox\cocos2dx\proj.win32\Debug.win32\unzip.obj
C:\Users\Ben\Documents\GitHub\GameBox\cocos2dx\proj.win32\Debug.win32\utility.obj
C:\Users\Ben\Documents\GitHub\GameBox\cocos2dx\proj.win32\Debug.win32\vec2.obj
C:\Users\Ben\Documents\GitHub\GameBox\cocos2dx\proj.win32\Debug.win32\vec3.obj
C:\Users\Ben\Documents\GitHub\GameBox\cocos2dx\proj.win32\Debug.win32\vec4.obj
C:\Users\Ben\Documents\GitHub\GameBox\cocos2dx\proj.win32\Debug.win32\ZipUtils.obj
C:\Users\Ben\Documents\GitHub\GameBox\cocos2dx\proj.win32\Debug.win32\CL.10120.read.1.tlog
C:\Users\Ben\Documents\GitHub\GameBox\cocos2dx\proj.win32\Debug.win32\CL.10120.write.1.tlog
C:\Users\Ben\Documents\GitHub\GameBox\cocos2dx\proj.win32\Debug.win32\CL.1236.read.1.tlog
C:\Users\Ben\Documents\GitHub\GameBox\cocos2dx\proj.win32\Debug.win32\CL.1236.write.1.tlog
C:\Users\Ben\Documents\GitHub\GameBox\cocos2dx\proj.win32\Debug.win32\CL.2880.read.1.tlog
C:\Users\Ben\Documents\GitHub\GameBox\cocos2dx\proj.win32\Debug.win32\CL.2880.write.1.tlog
C:\Users\Ben\Documents\GitHub\GameBox\cocos2dx\proj.win32\Debug.win32\CL.4420.read.1.tlog
C:\Users\Ben\Documents\GitHub\GameBox\cocos2dx\proj.win32\Debug.win32\CL.4420.write.1.tlog
C:\Users\Ben\Documents\GitHub\GameBox\cocos2dx\proj.win32\Debug.win32\CL.6440.read.1.tlog
C:\Users\Ben\Documents\GitHub\GameBox\cocos2dx\proj.win32\Debug.win32\CL.6440.write.1.tlog
C:\Users\Ben\Documents\GitHub\GameBox\cocos2dx\proj.win32\Debug.win32\CL.6548.read.1.tlog
C:\Users\Ben\Documents\GitHub\GameBox\cocos2dx\proj.win32\Debug.win32\CL.6548.write.1.tlog
C:\Users\Ben\Documents\GitHub\GameBox\cocos2dx\proj.win32\Debug.win32\CL.7488.read.1.tlog
C:\Users\Ben\Documents\GitHub\GameBox\cocos2dx\proj.win32\Debug.win32\CL.7488.write.1.tlog
C:\Users\Ben\Documents\GitHub\GameBox\cocos2dx\proj.win32\Debug.win32\CL.7604.read.1.tlog
C:\Users\Ben\Documents\GitHub\GameBox\cocos2dx\proj.win32\Debug.win32\CL.7604.write.1.tlog
C:\Users\Ben\Documents\GitHub\GameBox\cocos2dx\proj.win32\Debug.win32\CL.8048.read.1.tlog
C:\Users\Ben\Documents\GitHub\GameBox\cocos2dx\proj.win32\Debug.win32\CL.8048.write.1.tlog
C:\Users\Ben\Documents\GitHub\GameBox\cocos2dx\proj.win32\Debug.win32\CL.8076.read.1.tlog
C:\Users\Ben\Documents\GitHub\GameBox\cocos2dx\proj.win32\Debug.win32\CL.8076.write.1.tlog
C:\Users\Ben\Documents\GitHub\GameBox\cocos2dx\proj.win32\Debug.win32\CL.9116.read.1.tlog
C:\Users\Ben\Documents\GitHub\GameBox\cocos2dx\proj.win32\Debug.win32\CL.9116.write.1.tlog
C:\Users\Ben\Documents\GitHub\GameBox\cocos2dx\proj.win32\Debug.win32\CL.9712.read.1.tlog
C:\Users\Ben\Documents\GitHub\GameBox\cocos2dx\proj.win32\Debug.win32\CL.9712.write.1.tlog
C:\Users\Ben\Documents\GitHub\GameBox\cocos2dx\proj.win32\Debug.win32\cl.command.1.tlog
C:\Users\Ben\Documents\GitHub\GameBox\cocos2dx\proj.win32\Debug.win32\CL.read.1.tlog
C:\Users\Ben\Documents\GitHub\GameBox\cocos2dx\proj.win32\Debug.win32\cl.write.1.tlog
C:\Users\Ben\Documents\GitHub\GameBox\cocos2dx\proj.win32\Debug.win32\Lib-link.read.1.tlog
C:\Users\Ben\Documents\GitHub\GameBox\cocos2dx\proj.win32\Debug.win32\Lib-link.write.1.tlog
C:\Users\Ben\Documents\GitHub\GameBox\cocos2dx\proj.win32\Debug.win32\lib.command.1.tlog
C:\Users\Ben\Documents\GitHub\GameBox\cocos2dx\proj.win32\Debug.win32\vc100.idb
C:\Users\Ben\Documents\GitHub\GameBox\cocos2dx\proj.win32\Debug.win32\vc110.idb
C:\Users\Ben\Documents\GitHub\GameBox\cocos2dx\proj.win32\Debug.win32\vc100.pdb
C:\Users\Ben\Documents\GitHub\GameBox\cocos2dx\proj.win32\Debug.win32\vc110.pdb
