C:\USERS\BEN\DOCUMENTS\GITHUB\GAMEBOX\COCOS2DX\PROJ.WIN32\RELEASE.WIN32\VC110.PDB
C:\USERS\BEN\DOCUMENTS\GITHUB\GAMEBOX\COCOS2DX\PROJ.WIN32\RELEASE.WIN32\AABB.OBJ
C:\USERS\BEN\DOCUMENTS\GITHUB\GAMEBOX\COCOS2DX\PROJ.WIN32\RELEASE.WIN32\RAY2.OBJ
C:\USERS\BEN\DOCUMENTS\GITHUB\GAMEBOX\COCOS2DX\PROJ.WIN32\RELEASE.WIN32\CCFPSIMAGES.OBJ
C:\USERS\BEN\DOCUMENTS\GITHUB\GAMEBOX\COCOS2DX\PROJ.WIN32\RELEASE.WIN32\NEON_MATRIX_IMPL.OBJ
C:\USERS\BEN\DOCUMENTS\GITHUB\GAMEBOX\COCOS2DX\PROJ.WIN32\RELEASE.WIN32\QUATERNION.OBJ
C:\USERS\BEN\DOCUMENTS\GITHUB\GAMEBOX\COCOS2DX\PROJ.WIN32\RELEASE.WIN32\VEC3.OBJ
C:\USERS\BEN\DOCUMENTS\GITHUB\GAMEBOX\COCOS2DX\PROJ.WIN32\RELEASE.WIN32\MATRIX.OBJ
C:\USERS\BEN\DOCUMENTS\GITHUB\GAMEBOX\COCOS2DX\PROJ.WIN32\RELEASE.WIN32\MAT4.OBJ
C:\USERS\BEN\DOCUMENTS\GITHUB\GAMEBOX\COCOS2DX\PROJ.WIN32\RELEASE.WIN32\UTILITY.OBJ
C:\USERS\BEN\DOCUMENTS\GITHUB\GAMEBOX\COCOS2DX\PROJ.WIN32\RELEASE.WIN32\VEC2.OBJ
C:\USERS\BEN\DOCUMENTS\GITHUB\GAMEBOX\COCOS2DX\PROJ.WIN32\RELEASE.WIN32\MAT4STACK.OBJ
C:\USERS\BEN\DOCUMENTS\GITHUB\GAMEBOX\COCOS2DX\PROJ.WIN32\RELEASE.WIN32\MAT3.OBJ
C:\USERS\BEN\DOCUMENTS\GITHUB\GAMEBOX\COCOS2DX\PROJ.WIN32\RELEASE.WIN32\PLANE.OBJ
C:\USERS\BEN\DOCUMENTS\GITHUB\GAMEBOX\COCOS2DX\PROJ.WIN32\RELEASE.WIN32\VEC4.OBJ
C:\USERS\BEN\DOCUMENTS\GITHUB\GAMEBOX\GAMEBOX\PROJ.WIN32\RELEASE.WIN32\LIBCOCOS2D.LIB
C:\Users\Ben\Documents\GitHub\GameBox\cocos2dx\proj.win32\Release.win32\aabb.obj
C:\Users\Ben\Documents\GitHub\GameBox\cocos2dx\proj.win32\Release.win32\base64.obj
C:\Users\Ben\Documents\GitHub\GameBox\cocos2dx\proj.win32\Release.win32\CCAccelerometer.obj
C:\Users\Ben\Documents\GitHub\GameBox\cocos2dx\proj.win32\Release.win32\CCAction.obj
C:\Users\Ben\Documents\GitHub\GameBox\cocos2dx\proj.win32\Release.win32\CCActionCamera.obj
C:\Users\Ben\Documents\GitHub\GameBox\cocos2dx\proj.win32\Release.win32\CCActionCatmullRom.obj
C:\Users\Ben\Documents\GitHub\GameBox\cocos2dx\proj.win32\Release.win32\CCActionEase.obj
C:\Users\Ben\Documents\GitHub\GameBox\cocos2dx\proj.win32\Release.win32\CCActionGrid.obj
C:\Users\Ben\Documents\GitHub\GameBox\cocos2dx\proj.win32\Release.win32\CCActionGrid3D.obj
C:\Users\Ben\Documents\GitHub\GameBox\cocos2dx\proj.win32\Release.win32\CCActionInstant.obj
C:\Users\Ben\Documents\GitHub\GameBox\cocos2dx\proj.win32\Release.win32\CCActionInterval.obj
C:\Users\Ben\Documents\GitHub\GameBox\cocos2dx\proj.win32\Release.win32\CCActionManager.obj
C:\Users\Ben\Documents\GitHub\GameBox\cocos2dx\proj.win32\Release.win32\CCActionPageTurn3D.obj
C:\Users\Ben\Documents\GitHub\GameBox\cocos2dx\proj.win32\Release.win32\CCActionProgressTimer.obj
C:\Users\Ben\Documents\GitHub\GameBox\cocos2dx\proj.win32\Release.win32\CCActionTiledGrid.obj
C:\Users\Ben\Documents\GitHub\GameBox\cocos2dx\proj.win32\Release.win32\CCActionTween.obj
C:\Users\Ben\Documents\GitHub\GameBox\cocos2dx\proj.win32\Release.win32\CCAffineTransform.obj
C:\Users\Ben\Documents\GitHub\GameBox\cocos2dx\proj.win32\Release.win32\CCAnimation.obj
C:\Users\Ben\Documents\GitHub\GameBox\cocos2dx\proj.win32\Release.win32\CCAnimationCache.obj
C:\Users\Ben\Documents\GitHub\GameBox\cocos2dx\proj.win32\Release.win32\CCApplication.obj
C:\Users\Ben\Documents\GitHub\GameBox\cocos2dx\proj.win32\Release.win32\CCArray.obj
C:\Users\Ben\Documents\GitHub\GameBox\cocos2dx\proj.win32\Release.win32\CCAtlasNode.obj
C:\Users\Ben\Documents\GitHub\GameBox\cocos2dx\proj.win32\Release.win32\CCAutoreleasePool.obj
C:\Users\Ben\Documents\GitHub\GameBox\cocos2dx\proj.win32\Release.win32\CCCamera.obj
C:\Users\Ben\Documents\GitHub\GameBox\cocos2dx\proj.win32\Release.win32\ccCArray.obj
C:\Users\Ben\Documents\GitHub\GameBox\cocos2dx\proj.win32\Release.win32\CCClippingNode.obj
C:\Users\Ben\Documents\GitHub\GameBox\cocos2dx\proj.win32\Release.win32\CCCommon.obj
C:\Users\Ben\Documents\GitHub\GameBox\cocos2dx\proj.win32\Release.win32\CCComponent.obj
C:\Users\Ben\Documents\GitHub\GameBox\cocos2dx\proj.win32\Release.win32\CCComponentContainer.obj
C:\Users\Ben\Documents\GitHub\GameBox\cocos2dx\proj.win32\Release.win32\CCConfiguration.obj
C:\Users\Ben\Documents\GitHub\GameBox\cocos2dx\proj.win32\Release.win32\CCData.obj
C:\Users\Ben\Documents\GitHub\GameBox\cocos2dx\proj.win32\Release.win32\CCDataVisitor.obj
C:\Users\Ben\Documents\GitHub\GameBox\cocos2dx\proj.win32\Release.win32\CCDevice.obj
C:\Users\Ben\Documents\GitHub\GameBox\cocos2dx\proj.win32\Release.win32\CCDictionary.obj
C:\Users\Ben\Documents\GitHub\GameBox\cocos2dx\proj.win32\Release.win32\CCDirector.obj
C:\Users\Ben\Documents\GitHub\GameBox\cocos2dx\proj.win32\Release.win32\CCDrawingPrimitives.obj
C:\Users\Ben\Documents\GitHub\GameBox\cocos2dx\proj.win32\Release.win32\CCDrawNode.obj
C:\Users\Ben\Documents\GitHub\GameBox\cocos2dx\proj.win32\Release.win32\CCEGLView.obj
C:\Users\Ben\Documents\GitHub\GameBox\cocos2dx\proj.win32\Release.win32\CCEGLViewProtocol.obj
C:\Users\Ben\Documents\GitHub\GameBox\cocos2dx\proj.win32\Release.win32\CCFileUtils.obj
C:\Users\Ben\Documents\GitHub\GameBox\cocos2dx\proj.win32\Release.win32\CCFileUtilsWin32.obj
C:\Users\Ben\Documents\GitHub\GameBox\cocos2dx\proj.win32\Release.win32\ccFPSImages.obj
C:\Users\Ben\Documents\GitHub\GameBox\cocos2dx\proj.win32\Release.win32\CCGeometry.obj
C:\Users\Ben\Documents\GitHub\GameBox\cocos2dx\proj.win32\Release.win32\CCGLProgram.obj
C:\Users\Ben\Documents\GitHub\GameBox\cocos2dx\proj.win32\Release.win32\ccGLStateCache.obj
C:\Users\Ben\Documents\GitHub\GameBox\cocos2dx\proj.win32\Release.win32\CCGrabber.obj
C:\Users\Ben\Documents\GitHub\GameBox\cocos2dx\proj.win32\Release.win32\CCGrid.obj
C:\Users\Ben\Documents\GitHub\GameBox\cocos2dx\proj.win32\Release.win32\CCImage.obj
C:\Users\Ben\Documents\GitHub\GameBox\cocos2dx\proj.win32\Release.win32\CCImageCommonWebp.obj
C:\Users\Ben\Documents\GitHub\GameBox\cocos2dx\proj.win32\Release.win32\CCIMEDispatcher.obj
C:\Users\Ben\Documents\GitHub\GameBox\cocos2dx\proj.win32\Release.win32\CCKeyboardDispatcher.obj
C:\Users\Ben\Documents\GitHub\GameBox\cocos2dx\proj.win32\Release.win32\CCKeypadDelegate.obj
C:\Users\Ben\Documents\GitHub\GameBox\cocos2dx\proj.win32\Release.win32\CCKeypadDispatcher.obj
C:\Users\Ben\Documents\GitHub\GameBox\cocos2dx\proj.win32\Release.win32\CCLabelAtlas.obj
C:\Users\Ben\Documents\GitHub\GameBox\cocos2dx\proj.win32\Release.win32\CCLabelBMFont.obj
C:\Users\Ben\Documents\GitHub\GameBox\cocos2dx\proj.win32\Release.win32\CCLabelTTF.obj
C:\Users\Ben\Documents\GitHub\GameBox\cocos2dx\proj.win32\Release.win32\CCLayer.obj
C:\Users\Ben\Documents\GitHub\GameBox\cocos2dx\proj.win32\Release.win32\CCMenu.obj
C:\Users\Ben\Documents\GitHub\GameBox\cocos2dx\proj.win32\Release.win32\CCMenuItem.obj
C:\Users\Ben\Documents\GitHub\GameBox\cocos2dx\proj.win32\Release.win32\CCMotionStreak.obj
C:\Users\Ben\Documents\GitHub\GameBox\cocos2dx\proj.win32\Release.win32\CCNode.obj
C:\Users\Ben\Documents\GitHub\GameBox\cocos2dx\proj.win32\Release.win32\CCNotificationCenter.obj
C:\Users\Ben\Documents\GitHub\GameBox\cocos2dx\proj.win32\Release.win32\CCNS.obj
C:\Users\Ben\Documents\GitHub\GameBox\cocos2dx\proj.win32\Release.win32\CCObject.obj
C:\Users\Ben\Documents\GitHub\GameBox\cocos2dx\proj.win32\Release.win32\CCParallaxNode.obj
C:\Users\Ben\Documents\GitHub\GameBox\cocos2dx\proj.win32\Release.win32\CCParticleBatchNode.obj
C:\Users\Ben\Documents\GitHub\GameBox\cocos2dx\proj.win32\Release.win32\CCParticleExamples.obj
C:\Users\Ben\Documents\GitHub\GameBox\cocos2dx\proj.win32\Release.win32\CCParticleSystem.obj
C:\Users\Ben\Documents\GitHub\GameBox\cocos2dx\proj.win32\Release.win32\CCParticleSystemQuad.obj
C:\Users\Ben\Documents\GitHub\GameBox\cocos2dx\proj.win32\Release.win32\CCProfiling.obj
C:\Users\Ben\Documents\GitHub\GameBox\cocos2dx\proj.win32\Release.win32\CCProgressTimer.obj
C:\Users\Ben\Documents\GitHub\GameBox\cocos2dx\proj.win32\Release.win32\CCRenderTexture.obj
C:\Users\Ben\Documents\GitHub\GameBox\cocos2dx\proj.win32\Release.win32\CCSAXParser.obj
C:\Users\Ben\Documents\GitHub\GameBox\cocos2dx\proj.win32\Release.win32\CCScene.obj
C:\Users\Ben\Documents\GitHub\GameBox\cocos2dx\proj.win32\Release.win32\CCScheduler.obj
C:\Users\Ben\Documents\GitHub\GameBox\cocos2dx\proj.win32\Release.win32\CCScriptSupport.obj
C:\Users\Ben\Documents\GitHub\GameBox\cocos2dx\proj.win32\Release.win32\CCSet.obj
C:\Users\Ben\Documents\GitHub\GameBox\cocos2dx\proj.win32\Release.win32\CCShaderCache.obj
C:\Users\Ben\Documents\GitHub\GameBox\cocos2dx\proj.win32\Release.win32\ccShaders.obj
C:\Users\Ben\Documents\GitHub\GameBox\cocos2dx\proj.win32\Release.win32\CCSprite.obj
C:\Users\Ben\Documents\GitHub\GameBox\cocos2dx\proj.win32\Release.win32\CCSpriteBatchNode.obj
C:\Users\Ben\Documents\GitHub\GameBox\cocos2dx\proj.win32\Release.win32\CCSpriteFrame.obj
C:\Users\Ben\Documents\GitHub\GameBox\cocos2dx\proj.win32\Release.win32\CCSpriteFrameCache.obj
C:\Users\Ben\Documents\GitHub\GameBox\cocos2dx\proj.win32\Release.win32\CCStdC.obj
C:\Users\Ben\Documents\GitHub\GameBox\cocos2dx\proj.win32\Release.win32\CCString.obj
C:\Users\Ben\Documents\GitHub\GameBox\cocos2dx\proj.win32\Release.win32\CCTextFieldTTF.obj
C:\Users\Ben\Documents\GitHub\GameBox\cocos2dx\proj.win32\Release.win32\CCTexture2D.obj
C:\Users\Ben\Documents\GitHub\GameBox\cocos2dx\proj.win32\Release.win32\CCTextureAtlas.obj
C:\Users\Ben\Documents\GitHub\GameBox\cocos2dx\proj.win32\Release.win32\CCTextureCache.obj
C:\Users\Ben\Documents\GitHub\GameBox\cocos2dx\proj.win32\Release.win32\CCTextureETC.obj
C:\Users\Ben\Documents\GitHub\GameBox\cocos2dx\proj.win32\Release.win32\CCTexturePVR.obj
C:\Users\Ben\Documents\GitHub\GameBox\cocos2dx\proj.win32\Release.win32\CCThread.obj
C:\Users\Ben\Documents\GitHub\GameBox\cocos2dx\proj.win32\Release.win32\CCTileMapAtlas.obj
C:\Users\Ben\Documents\GitHub\GameBox\cocos2dx\proj.win32\Release.win32\CCTMXLayer.obj
C:\Users\Ben\Documents\GitHub\GameBox\cocos2dx\proj.win32\Release.win32\CCTMXObjectGroup.obj
C:\Users\Ben\Documents\GitHub\GameBox\cocos2dx\proj.win32\Release.win32\CCTMXTiledMap.obj
C:\Users\Ben\Documents\GitHub\GameBox\cocos2dx\proj.win32\Release.win32\CCTMXXMLParser.obj
C:\Users\Ben\Documents\GitHub\GameBox\cocos2dx\proj.win32\Release.win32\CCTouch.obj
C:\Users\Ben\Documents\GitHub\GameBox\cocos2dx\proj.win32\Release.win32\CCTouchDispatcher.obj
C:\Users\Ben\Documents\GitHub\GameBox\cocos2dx\proj.win32\Release.win32\CCTouchHandler.obj
C:\Users\Ben\Documents\GitHub\GameBox\cocos2dx\proj.win32\Release.win32\CCTransition.obj
C:\Users\Ben\Documents\GitHub\GameBox\cocos2dx\proj.win32\Release.win32\CCTransitionPageTurn.obj
C:\Users\Ben\Documents\GitHub\GameBox\cocos2dx\proj.win32\Release.win32\CCTransitionProgress.obj
C:\Users\Ben\Documents\GitHub\GameBox\cocos2dx\proj.win32\Release.win32\ccTypes.obj
C:\Users\Ben\Documents\GitHub\GameBox\cocos2dx\proj.win32\Release.win32\CCUserDefault.obj
C:\Users\Ben\Documents\GitHub\GameBox\cocos2dx\proj.win32\Release.win32\ccUTF8.obj
C:\Users\Ben\Documents\GitHub\GameBox\cocos2dx\proj.win32\Release.win32\ccUtils.obj
C:\Users\Ben\Documents\GitHub\GameBox\cocos2dx\proj.win32\Release.win32\CCVertex.obj
C:\Users\Ben\Documents\GitHub\GameBox\cocos2dx\proj.win32\Release.win32\cocos2d.obj
C:\Users\Ben\Documents\GitHub\GameBox\cocos2dx\proj.win32\Release.win32\etc1.obj
C:\Users\Ben\Documents\GitHub\GameBox\cocos2dx\proj.win32\Release.win32\ioapi.obj
C:\Users\Ben\Documents\GitHub\GameBox\cocos2dx\proj.win32\Release.win32\mat3.obj
C:\Users\Ben\Documents\GitHub\GameBox\cocos2dx\proj.win32\Release.win32\mat4.obj
C:\Users\Ben\Documents\GitHub\GameBox\cocos2dx\proj.win32\Release.win32\mat4stack.obj
C:\Users\Ben\Documents\GitHub\GameBox\cocos2dx\proj.win32\Release.win32\matrix.obj
C:\Users\Ben\Documents\GitHub\GameBox\cocos2dx\proj.win32\Release.win32\neon_matrix_impl.obj
C:\Users\Ben\Documents\GitHub\GameBox\cocos2dx\proj.win32\Release.win32\plane.obj
C:\Users\Ben\Documents\GitHub\GameBox\cocos2dx\proj.win32\Release.win32\quaternion.obj
C:\Users\Ben\Documents\GitHub\GameBox\cocos2dx\proj.win32\Release.win32\ray2.obj
C:\Users\Ben\Documents\GitHub\GameBox\cocos2dx\proj.win32\Release.win32\TGAlib.obj
C:\Users\Ben\Documents\GitHub\GameBox\cocos2dx\proj.win32\Release.win32\tinyxml2.obj
C:\Users\Ben\Documents\GitHub\GameBox\cocos2dx\proj.win32\Release.win32\TransformUtils.obj
C:\Users\Ben\Documents\GitHub\GameBox\cocos2dx\proj.win32\Release.win32\unzip.obj
C:\Users\Ben\Documents\GitHub\GameBox\cocos2dx\proj.win32\Release.win32\utility.obj
C:\Users\Ben\Documents\GitHub\GameBox\cocos2dx\proj.win32\Release.win32\vec2.obj
C:\Users\Ben\Documents\GitHub\GameBox\cocos2dx\proj.win32\Release.win32\vec3.obj
C:\Users\Ben\Documents\GitHub\GameBox\cocos2dx\proj.win32\Release.win32\vec4.obj
C:\Users\Ben\Documents\GitHub\GameBox\cocos2dx\proj.win32\Release.win32\ZipUtils.obj
C:\Users\Ben\Documents\GitHub\GameBox\cocos2dx\proj.win32\Release.win32\CL.5224.read.1.tlog
C:\Users\Ben\Documents\GitHub\GameBox\cocos2dx\proj.win32\Release.win32\CL.5224.write.1.tlog
C:\Users\Ben\Documents\GitHub\GameBox\cocos2dx\proj.win32\Release.win32\CL.5236.read.1.tlog
C:\Users\Ben\Documents\GitHub\GameBox\cocos2dx\proj.win32\Release.win32\CL.5236.write.1.tlog
C:\Users\Ben\Documents\GitHub\GameBox\cocos2dx\proj.win32\Release.win32\CL.5352.read.1.tlog
C:\Users\Ben\Documents\GitHub\GameBox\cocos2dx\proj.win32\Release.win32\CL.5352.write.1.tlog
C:\Users\Ben\Documents\GitHub\GameBox\cocos2dx\proj.win32\Release.win32\CL.6180.read.1.tlog
C:\Users\Ben\Documents\GitHub\GameBox\cocos2dx\proj.win32\Release.win32\CL.6180.write.1.tlog
C:\Users\Ben\Documents\GitHub\GameBox\cocos2dx\proj.win32\Release.win32\CL.7692.read.1.tlog
C:\Users\Ben\Documents\GitHub\GameBox\cocos2dx\proj.win32\Release.win32\CL.7692.write.1.tlog
C:\Users\Ben\Documents\GitHub\GameBox\cocos2dx\proj.win32\Release.win32\CL.8232.read.1.tlog
C:\Users\Ben\Documents\GitHub\GameBox\cocos2dx\proj.win32\Release.win32\CL.8232.write.1.tlog
C:\Users\Ben\Documents\GitHub\GameBox\cocos2dx\proj.win32\Release.win32\CL.8252.read.1.tlog
C:\Users\Ben\Documents\GitHub\GameBox\cocos2dx\proj.win32\Release.win32\CL.8252.write.1.tlog
C:\Users\Ben\Documents\GitHub\GameBox\cocos2dx\proj.win32\Release.win32\CL.8260.read.1.tlog
C:\Users\Ben\Documents\GitHub\GameBox\cocos2dx\proj.win32\Release.win32\CL.8260.write.1.tlog
C:\Users\Ben\Documents\GitHub\GameBox\cocos2dx\proj.win32\Release.win32\cl.command.1.tlog
C:\Users\Ben\Documents\GitHub\GameBox\cocos2dx\proj.win32\Release.win32\CL.read.1.tlog
C:\Users\Ben\Documents\GitHub\GameBox\cocos2dx\proj.win32\Release.win32\cl.write.1.tlog
C:\Users\Ben\Documents\GitHub\GameBox\cocos2dx\proj.win32\Release.win32\Lib-link.read.1.tlog
C:\Users\Ben\Documents\GitHub\GameBox\cocos2dx\proj.win32\Release.win32\Lib-link.write.1.tlog
C:\Users\Ben\Documents\GitHub\GameBox\cocos2dx\proj.win32\Release.win32\lib.command.1.tlog
C:\Users\Ben\Documents\GitHub\GameBox\cocos2dx\proj.win32\Release.win32\vc110.pdb
C:\Users\Ben\Documents\GitHub\GameBox\GameBox\proj.win32\Release.win32\libcocos2d.lib
