C:\USERS\BEN\DOCUMENTS\GITHUB\GAMEBOX\EXTENSIONS\PROJ.WIN32\RELEASE.WIN32\VC110.PDB
C:\USERS\BEN\DOCUMENTS\GITHUB\GAMEBOX\GAMEBOX\PROJ.WIN32\RELEASE.WIN32\LIBEXTENSIONS.LIB
C:\Users\Ben\Documents\GitHub\GameBox\extensions\proj.win32\Release.win32\Animation.obj
C:\Users\Ben\Documents\GitHub\GameBox\extensions\proj.win32\Release.win32\AnimationState.obj
C:\Users\Ben\Documents\GitHub\GameBox\extensions\proj.win32\Release.win32\AnimationStateData.obj
C:\Users\Ben\Documents\GitHub\GameBox\extensions\proj.win32\Release.win32\AssetsManager.obj
C:\Users\Ben\Documents\GitHub\GameBox\extensions\proj.win32\Release.win32\Atlas.obj
C:\Users\Ben\Documents\GitHub\GameBox\extensions\proj.win32\Release.win32\AtlasAttachmentLoader.obj
C:\Users\Ben\Documents\GitHub\GameBox\extensions\proj.win32\Release.win32\Attachment.obj
C:\Users\Ben\Documents\GitHub\GameBox\extensions\proj.win32\Release.win32\AttachmentLoader.obj
C:\Users\Ben\Documents\GitHub\GameBox\extensions\proj.win32\Release.win32\Bone.obj
C:\Users\Ben\Documents\GitHub\GameBox\extensions\proj.win32\Release.win32\BoneData.obj
C:\Users\Ben\Documents\GitHub\GameBox\extensions\proj.win32\Release.win32\CCArmature.obj
C:\Users\Ben\Documents\GitHub\GameBox\extensions\proj.win32\Release.win32\CCArmatureAnimation.obj
C:\Users\Ben\Documents\GitHub\GameBox\extensions\proj.win32\Release.win32\CCArmatureDataManager.obj
C:\Users\Ben\Documents\GitHub\GameBox\extensions\proj.win32\Release.win32\CCBAnimationManager.obj
C:\Users\Ben\Documents\GitHub\GameBox\extensions\proj.win32\Release.win32\CCBatchNode.obj
C:\Users\Ben\Documents\GitHub\GameBox\extensions\proj.win32\Release.win32\CCBFileLoader.obj
C:\Users\Ben\Documents\GitHub\GameBox\extensions\proj.win32\Release.win32\CCBKeyframe.obj
C:\Users\Ben\Documents\GitHub\GameBox\extensions\proj.win32\Release.win32\CCBone.obj
C:\Users\Ben\Documents\GitHub\GameBox\extensions\proj.win32\Release.win32\CCBReader.obj
C:\Users\Ben\Documents\GitHub\GameBox\extensions\proj.win32\Release.win32\CCBSequence.obj
C:\Users\Ben\Documents\GitHub\GameBox\extensions\proj.win32\Release.win32\CCBSequenceProperty.obj
C:\Users\Ben\Documents\GitHub\GameBox\extensions\proj.win32\Release.win32\CCBValue.obj
C:\Users\Ben\Documents\GitHub\GameBox\extensions\proj.win32\Release.win32\CCColliderDetector.obj
C:\Users\Ben\Documents\GitHub\GameBox\extensions\proj.win32\Release.win32\CCComAttribute.obj
C:\Users\Ben\Documents\GitHub\GameBox\extensions\proj.win32\Release.win32\CCComAudio.obj
C:\Users\Ben\Documents\GitHub\GameBox\extensions\proj.win32\Release.win32\CCComController.obj
C:\Users\Ben\Documents\GitHub\GameBox\extensions\proj.win32\Release.win32\CCControl.obj
C:\Users\Ben\Documents\GitHub\GameBox\extensions\proj.win32\Release.win32\CCControlButton.obj
C:\Users\Ben\Documents\GitHub\GameBox\extensions\proj.win32\Release.win32\CCControlButtonLoader.obj
C:\Users\Ben\Documents\GitHub\GameBox\extensions\proj.win32\Release.win32\CCControlColourPicker.obj
C:\Users\Ben\Documents\GitHub\GameBox\extensions\proj.win32\Release.win32\CCControlHuePicker.obj
C:\Users\Ben\Documents\GitHub\GameBox\extensions\proj.win32\Release.win32\CCControlLoader.obj
C:\Users\Ben\Documents\GitHub\GameBox\extensions\proj.win32\Release.win32\CCControlPotentiometer.obj
C:\Users\Ben\Documents\GitHub\GameBox\extensions\proj.win32\Release.win32\CCControlSaturationBrightnessPicker.obj
C:\Users\Ben\Documents\GitHub\GameBox\extensions\proj.win32\Release.win32\CCControlSlider.obj
C:\Users\Ben\Documents\GitHub\GameBox\extensions\proj.win32\Release.win32\CCControlStepper.obj
C:\Users\Ben\Documents\GitHub\GameBox\extensions\proj.win32\Release.win32\CCControlSwitch.obj
C:\Users\Ben\Documents\GitHub\GameBox\extensions\proj.win32\Release.win32\CCControlUtils.obj
C:\Users\Ben\Documents\GitHub\GameBox\extensions\proj.win32\Release.win32\CCDataReaderHelper.obj
C:\Users\Ben\Documents\GitHub\GameBox\extensions\proj.win32\Release.win32\CCDatas.obj
C:\Users\Ben\Documents\GitHub\GameBox\extensions\proj.win32\Release.win32\CCDecorativeDisplay.obj
C:\Users\Ben\Documents\GitHub\GameBox\extensions\proj.win32\Release.win32\CCDisplayFactory.obj
C:\Users\Ben\Documents\GitHub\GameBox\extensions\proj.win32\Release.win32\CCDisplayManager.obj
C:\Users\Ben\Documents\GitHub\GameBox\extensions\proj.win32\Release.win32\CCEditBox.obj
C:\Users\Ben\Documents\GitHub\GameBox\extensions\proj.win32\Release.win32\CCEditBoxImplWin.obj
C:\Users\Ben\Documents\GitHub\GameBox\extensions\proj.win32\Release.win32\CCInputDelegate.obj
C:\Users\Ben\Documents\GitHub\GameBox\extensions\proj.win32\Release.win32\CCInvocation.obj
C:\Users\Ben\Documents\GitHub\GameBox\extensions\proj.win32\Release.win32\CCLabelBMFontLoader.obj
C:\Users\Ben\Documents\GitHub\GameBox\extensions\proj.win32\Release.win32\CCLabelTTFLoader.obj
C:\Users\Ben\Documents\GitHub\GameBox\extensions\proj.win32\Release.win32\CCLayerColorLoader.obj
C:\Users\Ben\Documents\GitHub\GameBox\extensions\proj.win32\Release.win32\CCLayerGradientLoader.obj
C:\Users\Ben\Documents\GitHub\GameBox\extensions\proj.win32\Release.win32\CCLayerLoader.obj
C:\Users\Ben\Documents\GitHub\GameBox\extensions\proj.win32\Release.win32\CCMenuItemImageLoader.obj
C:\Users\Ben\Documents\GitHub\GameBox\extensions\proj.win32\Release.win32\CCMenuItemLoader.obj
C:\Users\Ben\Documents\GitHub\GameBox\extensions\proj.win32\Release.win32\CCNode+CCBRelativePositioning.obj
C:\Users\Ben\Documents\GitHub\GameBox\extensions\proj.win32\Release.win32\CCNodeLoader.obj
C:\Users\Ben\Documents\GitHub\GameBox\extensions\proj.win32\Release.win32\CCNodeLoaderLibrary.obj
C:\Users\Ben\Documents\GitHub\GameBox\extensions\proj.win32\Release.win32\CCParticleSystemQuadLoader.obj
C:\Users\Ben\Documents\GitHub\GameBox\extensions\proj.win32\Release.win32\CCPhysicsDebugNode.obj
C:\Users\Ben\Documents\GitHub\GameBox\extensions\proj.win32\Release.win32\CCPhysicsSprite.obj
C:\Users\Ben\Documents\GitHub\GameBox\extensions\proj.win32\Release.win32\CCPhysicsWorld.obj
C:\Users\Ben\Documents\GitHub\GameBox\extensions\proj.win32\Release.win32\CCProcessBase.obj
C:\Users\Ben\Documents\GitHub\GameBox\extensions\proj.win32\Release.win32\CCScale9Sprite.obj
C:\Users\Ben\Documents\GitHub\GameBox\extensions\proj.win32\Release.win32\CCScale9SpriteLoader.obj
C:\Users\Ben\Documents\GitHub\GameBox\extensions\proj.win32\Release.win32\CCScrollView.obj
C:\Users\Ben\Documents\GitHub\GameBox\extensions\proj.win32\Release.win32\CCScrollViewLoader.obj
C:\Users\Ben\Documents\GitHub\GameBox\extensions\proj.win32\Release.win32\CCShaderNode.obj
C:\Users\Ben\Documents\GitHub\GameBox\extensions\proj.win32\Release.win32\CCSkeleton.obj
C:\Users\Ben\Documents\GitHub\GameBox\extensions\proj.win32\Release.win32\CCSkeletonAnimation.obj
C:\Users\Ben\Documents\GitHub\GameBox\extensions\proj.win32\Release.win32\CCSkin.obj
C:\Users\Ben\Documents\GitHub\GameBox\extensions\proj.win32\Release.win32\CCSorting.obj
C:\Users\Ben\Documents\GitHub\GameBox\extensions\proj.win32\Release.win32\CCSpriteFrameCacheHelper.obj
C:\Users\Ben\Documents\GitHub\GameBox\extensions\proj.win32\Release.win32\CCSpriteLoader.obj
C:\Users\Ben\Documents\GitHub\GameBox\extensions\proj.win32\Release.win32\CCTableView.obj
C:\Users\Ben\Documents\GitHub\GameBox\extensions\proj.win32\Release.win32\CCTableViewCell.obj
C:\Users\Ben\Documents\GitHub\GameBox\extensions\proj.win32\Release.win32\CCTexture2DMutable.obj
C:\Users\Ben\Documents\GitHub\GameBox\extensions\proj.win32\Release.win32\CCTransformHelp.obj
C:\Users\Ben\Documents\GitHub\GameBox\extensions\proj.win32\Release.win32\CCTween.obj
C:\Users\Ben\Documents\GitHub\GameBox\extensions\proj.win32\Release.win32\CCTweenFunction.obj
C:\Users\Ben\Documents\GitHub\GameBox\extensions\proj.win32\Release.win32\CCUtilMath.obj
C:\Users\Ben\Documents\GitHub\GameBox\extensions\proj.win32\Release.win32\CSContentJsonDictionary.obj
C:\Users\Ben\Documents\GitHub\GameBox\extensions\proj.win32\Release.win32\extension.obj
C:\Users\Ben\Documents\GitHub\GameBox\extensions\proj.win32\Release.win32\GLES-Render.obj
C:\Users\Ben\Documents\GitHub\GameBox\extensions\proj.win32\Release.win32\HttpClient.obj
C:\Users\Ben\Documents\GitHub\GameBox\extensions\proj.win32\Release.win32\Json.obj
C:\Users\Ben\Documents\GitHub\GameBox\extensions\proj.win32\Release.win32\json_reader.obj
C:\Users\Ben\Documents\GitHub\GameBox\extensions\proj.win32\Release.win32\json_value.obj
C:\Users\Ben\Documents\GitHub\GameBox\extensions\proj.win32\Release.win32\json_writer.obj
C:\Users\Ben\Documents\GitHub\GameBox\extensions\proj.win32\Release.win32\LocalStorage.obj
C:\Users\Ben\Documents\GitHub\GameBox\extensions\proj.win32\Release.win32\RegionAttachment.obj
C:\Users\Ben\Documents\GitHub\GameBox\extensions\proj.win32\Release.win32\Skeleton.obj
C:\Users\Ben\Documents\GitHub\GameBox\extensions\proj.win32\Release.win32\SkeletonData.obj
C:\Users\Ben\Documents\GitHub\GameBox\extensions\proj.win32\Release.win32\SkeletonJson.obj
C:\Users\Ben\Documents\GitHub\GameBox\extensions\proj.win32\Release.win32\Skin.obj
C:\Users\Ben\Documents\GitHub\GameBox\extensions\proj.win32\Release.win32\Slot.obj
C:\Users\Ben\Documents\GitHub\GameBox\extensions\proj.win32\Release.win32\SlotData.obj
C:\Users\Ben\Documents\GitHub\GameBox\extensions\proj.win32\Release.win32\SocketIO.obj
C:\Users\Ben\Documents\GitHub\GameBox\extensions\proj.win32\Release.win32\spine-cocos2dx.obj
C:\Users\Ben\Documents\GitHub\GameBox\extensions\proj.win32\Release.win32\Websocket.obj
C:\Users\Ben\Documents\GitHub\GameBox\extensions\proj.win32\Release.win32\Win32InputBox.obj
C:\Users\Ben\Documents\GitHub\GameBox\extensions\proj.win32\Release.win32\CL.8656.read.1.tlog
C:\Users\Ben\Documents\GitHub\GameBox\extensions\proj.win32\Release.win32\CL.8656.write.1.tlog
C:\Users\Ben\Documents\GitHub\GameBox\extensions\proj.win32\Release.win32\CL.8664.read.1.tlog
C:\Users\Ben\Documents\GitHub\GameBox\extensions\proj.win32\Release.win32\CL.8664.write.1.tlog
C:\Users\Ben\Documents\GitHub\GameBox\extensions\proj.win32\Release.win32\CL.8672.read.1.tlog
C:\Users\Ben\Documents\GitHub\GameBox\extensions\proj.win32\Release.win32\CL.8672.write.1.tlog
C:\Users\Ben\Documents\GitHub\GameBox\extensions\proj.win32\Release.win32\CL.8680.read.1.tlog
C:\Users\Ben\Documents\GitHub\GameBox\extensions\proj.win32\Release.win32\CL.8680.write.1.tlog
C:\Users\Ben\Documents\GitHub\GameBox\extensions\proj.win32\Release.win32\cl.command.1.tlog
C:\Users\Ben\Documents\GitHub\GameBox\extensions\proj.win32\Release.win32\CL.read.1.tlog
C:\Users\Ben\Documents\GitHub\GameBox\extensions\proj.win32\Release.win32\cl.write.1.tlog
C:\Users\Ben\Documents\GitHub\GameBox\extensions\proj.win32\Release.win32\Lib-link.read.1.tlog
C:\Users\Ben\Documents\GitHub\GameBox\extensions\proj.win32\Release.win32\Lib-link.write.1.tlog
C:\Users\Ben\Documents\GitHub\GameBox\extensions\proj.win32\Release.win32\lib.command.1.tlog
C:\Users\Ben\Documents\GitHub\GameBox\extensions\proj.win32\Release.win32\vc110.pdb
C:\Users\Ben\Documents\GitHub\GameBox\GameBox\proj.win32\Release.win32\libExtensions.lib
